The system is: Linux - 3.4.0+ - x86_64
Compiling the C compiler identification source file "CMakeCCompilerId.c" succeeded.
Compiler: /root/anaconda3/envs/sss/bin/cc 
Build flags: 
Id flags: 

The output was:
0


Compilation of the C compiler identification source "CMakeCCompilerId.c" produced "a.out"

The C compiler identification is GNU, found in "/root/software_summer_school/JK_speedup_challenge/jkcomp/build/CMakeFiles/3.7.1/CompilerIdC/a.out"

Compiling the CXX compiler identification source file "CMakeCXXCompilerId.cpp" succeeded.
Compiler: /root/anaconda3/envs/sss/bin/c++ 
Build flags: 
Id flags: 

The output was:
0


Compilation of the CXX compiler identification source "CMakeCXXCompilerId.cpp" produced "a.out"

The CXX compiler identification is GNU, found in "/root/software_summer_school/JK_speedup_challenge/jkcomp/build/CMakeFiles/3.7.1/CompilerIdCXX/a.out"

Determining if the C compiler works passed with the following output:
Change Dir: /root/software_summer_school/JK_speedup_challenge/jkcomp/build/CMakeFiles/CMakeTmp

Run Build Command:"/usr/bin/make" "cmTC_b1056/fast"
/usr/bin/make -f CMakeFiles/cmTC_b1056.dir/build.make CMakeFiles/cmTC_b1056.dir/build
make[1]: Entering directory `/root/software_summer_school/JK_speedup_challenge/jkcomp/build/CMakeFiles/CMakeTmp'
Building C object CMakeFiles/cmTC_b1056.dir/testCCompiler.c.o
/root/anaconda3/envs/sss/bin/cc     -o CMakeFiles/cmTC_b1056.dir/testCCompiler.c.o   -c /root/software_summer_school/JK_speedup_challenge/jkcomp/build/CMakeFiles/CMakeTmp/testCCompiler.c
Linking C executable cmTC_b1056
/root/cmake-3.7.1/bin/cmake -E cmake_link_script CMakeFiles/cmTC_b1056.dir/link.txt --verbose=1
/root/anaconda3/envs/sss/bin/cc       CMakeFiles/cmTC_b1056.dir/testCCompiler.c.o  -o cmTC_b1056 -rdynamic 
make[1]: Leaving directory `/root/software_summer_school/JK_speedup_challenge/jkcomp/build/CMakeFiles/CMakeTmp'


Detecting C compiler ABI info compiled with the following output:
Change Dir: /root/software_summer_school/JK_speedup_challenge/jkcomp/build/CMakeFiles/CMakeTmp

Run Build Command:"/usr/bin/make" "cmTC_b585a/fast"
/usr/bin/make -f CMakeFiles/cmTC_b585a.dir/build.make CMakeFiles/cmTC_b585a.dir/build
make[1]: Entering directory `/root/software_summer_school/JK_speedup_challenge/jkcomp/build/CMakeFiles/CMakeTmp'
Building C object CMakeFiles/cmTC_b585a.dir/CMakeCCompilerABI.c.o
/root/anaconda3/envs/sss/bin/cc     -o CMakeFiles/cmTC_b585a.dir/CMakeCCompilerABI.c.o   -c /root/cmake-3.7.1/Modules/CMakeCCompilerABI.c
Linking C executable cmTC_b585a
/root/cmake-3.7.1/bin/cmake -E cmake_link_script CMakeFiles/cmTC_b585a.dir/link.txt --verbose=1
/root/anaconda3/envs/sss/bin/cc      -v CMakeFiles/cmTC_b585a.dir/CMakeCCompilerABI.c.o  -o cmTC_b585a -rdynamic  
Reading specs from /root/anaconda3/envs/sss/lib/gcc/x86_64-unknown-linux-gnu/5.2.0/specs
COLLECT_GCC=/root/anaconda3/envs/sss/bin/cc
COLLECT_LTO_WRAPPER=/root/anaconda3/envs/sss/gcc/libexec/gcc/x86_64-unknown-linux-gnu/5.2.0/lto-wrapper
Target: x86_64-unknown-linux-gnu
Configured with: ./configure --prefix=/root/anaconda3/envs/sss/gcc --with-gxx-include-dir=/root/anaconda3/envs/sss/gcc/include/c++ --bindir=/root/anaconda3/envs/sss/bin --datarootdir=/root/anaconda3/envs/sss/share --libdir=/root/anaconda3/envs/sss/lib --with-gmp=/root/anaconda3/envs/sss --with-mpfr=/root/anaconda3/envs/sss --with-mpc=/root/anaconda3/envs/sss --with-isl=/root/anaconda3/envs/sss --with-cloog=/root/anaconda3/envs/sss --enable-checking=release --with-tune=generic --disable-multilib
Thread model: posix
gcc version 5.2.0 (GCC) 
COMPILER_PATH=/root/anaconda3/envs/sss/gcc/libexec/gcc/x86_64-unknown-linux-gnu/5.2.0/:/root/anaconda3/envs/sss/gcc/libexec/gcc/x86_64-unknown-linux-gnu/5.2.0/:/root/anaconda3/envs/sss/gcc/libexec/gcc/x86_64-unknown-linux-gnu/:/root/anaconda3/envs/sss/lib/gcc/x86_64-unknown-linux-gnu/5.2.0/:/root/anaconda3/envs/sss/lib/gcc/x86_64-unknown-linux-gnu/
LIBRARY_PATH=/root/anaconda3/envs/sss/lib/gcc/x86_64-unknown-linux-gnu/5.2.0/:/lib/../lib64/:/root/anaconda3/envs/sss/lib/gcc/x86_64-unknown-linux-gnu/5.2.0/../../../:/lib/:/usr/lib/
COLLECT_GCC_OPTIONS='-v' '-o' 'cmTC_b585a' '-rdynamic' '-mtune=generic' '-march=x86-64'
 /root/anaconda3/envs/sss/gcc/libexec/gcc/x86_64-unknown-linux-gnu/5.2.0/collect2 --eh-frame-hdr -m elf_x86_64 -export-dynamic -dynamic-linker /lib64/ld-linux-x86-64.so.2 -o cmTC_b585a /root/anaconda3/envs/sss/lib/gcc/x86_64-unknown-linux-gnu/5.2.0/crt1.o /root/anaconda3/envs/sss/lib/gcc/x86_64-unknown-linux-gnu/5.2.0/crti.o /root/anaconda3/envs/sss/lib/gcc/x86_64-unknown-linux-gnu/5.2.0/crtbegin.o -L/root/anaconda3/envs/sss/lib/gcc/x86_64-unknown-linux-gnu/5.2.0 -L/lib/../lib64 -L/root/anaconda3/envs/sss/lib/gcc/x86_64-unknown-linux-gnu/5.2.0/../../.. CMakeFiles/cmTC_b585a.dir/CMakeCCompilerABI.c.o -lgcc --as-needed -lgcc_s --no-as-needed -lc -lgcc --as-needed -lgcc_s --no-as-needed /root/anaconda3/envs/sss/lib/gcc/x86_64-unknown-linux-gnu/5.2.0/crtend.o /root/anaconda3/envs/sss/lib/gcc/x86_64-unknown-linux-gnu/5.2.0/crtn.o
make[1]: Leaving directory `/root/software_summer_school/JK_speedup_challenge/jkcomp/build/CMakeFiles/CMakeTmp'


Parsed C implicit link information from above output:
  link line regex: [^( *|.*[/\])(ld|([^/\]+-)?ld|collect2)[^/\]*( |$)]
  ignore line: [Change Dir: /root/software_summer_school/JK_speedup_challenge/jkcomp/build/CMakeFiles/CMakeTmp]
  ignore line: []
  ignore line: [Run Build Command:"/usr/bin/make" "cmTC_b585a/fast"]
  ignore line: [/usr/bin/make -f CMakeFiles/cmTC_b585a.dir/build.make CMakeFiles/cmTC_b585a.dir/build]
  ignore line: [make[1]: Entering directory `/root/software_summer_school/JK_speedup_challenge/jkcomp/build/CMakeFiles/CMakeTmp']
  ignore line: [Building C object CMakeFiles/cmTC_b585a.dir/CMakeCCompilerABI.c.o]
  ignore line: [/root/anaconda3/envs/sss/bin/cc     -o CMakeFiles/cmTC_b585a.dir/CMakeCCompilerABI.c.o   -c /root/cmake-3.7.1/Modules/CMakeCCompilerABI.c]
  ignore line: [Linking C executable cmTC_b585a]
  ignore line: [/root/cmake-3.7.1/bin/cmake -E cmake_link_script CMakeFiles/cmTC_b585a.dir/link.txt --verbose=1]
  ignore line: [/root/anaconda3/envs/sss/bin/cc      -v CMakeFiles/cmTC_b585a.dir/CMakeCCompilerABI.c.o  -o cmTC_b585a -rdynamic  ]
  ignore line: [Reading specs from /root/anaconda3/envs/sss/lib/gcc/x86_64-unknown-linux-gnu/5.2.0/specs]
  ignore line: [COLLECT_GCC=/root/anaconda3/envs/sss/bin/cc]
  ignore line: [COLLECT_LTO_WRAPPER=/root/anaconda3/envs/sss/gcc/libexec/gcc/x86_64-unknown-linux-gnu/5.2.0/lto-wrapper]
  ignore line: [Target: x86_64-unknown-linux-gnu]
  ignore line: [Configured with: ./configure --prefix=/root/anaconda3/envs/sss/gcc --with-gxx-include-dir=/root/anaconda3/envs/sss/gcc/include/c++ --bindir=/root/anaconda3/envs/sss/bin --datarootdir=/root/anaconda3/envs/sss/share --libdir=/root/anaconda3/envs/sss/lib --with-gmp=/root/anaconda3/envs/sss --with-mpfr=/root/anaconda3/envs/sss --with-mpc=/root/anaconda3/envs/sss --with-isl=/root/anaconda3/envs/sss --with-cloog=/root/anaconda3/envs/sss --enable-checking=release --with-tune=generic --disable-multilib]
  ignore line: [Thread model: posix]
  ignore line: [gcc version 5.2.0 (GCC) ]
  ignore line: [COMPILER_PATH=/root/anaconda3/envs/sss/gcc/libexec/gcc/x86_64-unknown-linux-gnu/5.2.0/:/root/anaconda3/envs/sss/gcc/libexec/gcc/x86_64-unknown-linux-gnu/5.2.0/:/root/anaconda3/envs/sss/gcc/libexec/gcc/x86_64-unknown-linux-gnu/:/root/anaconda3/envs/sss/lib/gcc/x86_64-unknown-linux-gnu/5.2.0/:/root/anaconda3/envs/sss/lib/gcc/x86_64-unknown-linux-gnu/]
  ignore line: [LIBRARY_PATH=/root/anaconda3/envs/sss/lib/gcc/x86_64-unknown-linux-gnu/5.2.0/:/lib/../lib64/:/root/anaconda3/envs/sss/lib/gcc/x86_64-unknown-linux-gnu/5.2.0/../../../:/lib/:/usr/lib/]
  ignore line: [COLLECT_GCC_OPTIONS='-v' '-o' 'cmTC_b585a' '-rdynamic' '-mtune=generic' '-march=x86-64']
  link line: [ /root/anaconda3/envs/sss/gcc/libexec/gcc/x86_64-unknown-linux-gnu/5.2.0/collect2 --eh-frame-hdr -m elf_x86_64 -export-dynamic -dynamic-linker /lib64/ld-linux-x86-64.so.2 -o cmTC_b585a /root/anaconda3/envs/sss/lib/gcc/x86_64-unknown-linux-gnu/5.2.0/crt1.o /root/anaconda3/envs/sss/lib/gcc/x86_64-unknown-linux-gnu/5.2.0/crti.o /root/anaconda3/envs/sss/lib/gcc/x86_64-unknown-linux-gnu/5.2.0/crtbegin.o -L/root/anaconda3/envs/sss/lib/gcc/x86_64-unknown-linux-gnu/5.2.0 -L/lib/../lib64 -L/root/anaconda3/envs/sss/lib/gcc/x86_64-unknown-linux-gnu/5.2.0/../../.. CMakeFiles/cmTC_b585a.dir/CMakeCCompilerABI.c.o -lgcc --as-needed -lgcc_s --no-as-needed -lc -lgcc --as-needed -lgcc_s --no-as-needed /root/anaconda3/envs/sss/lib/gcc/x86_64-unknown-linux-gnu/5.2.0/crtend.o /root/anaconda3/envs/sss/lib/gcc/x86_64-unknown-linux-gnu/5.2.0/crtn.o]
    arg [/root/anaconda3/envs/sss/gcc/libexec/gcc/x86_64-unknown-linux-gnu/5.2.0/collect2] ==> ignore
    arg [--eh-frame-hdr] ==> ignore
    arg [-m] ==> ignore
    arg [elf_x86_64] ==> ignore
    arg [-export-dynamic] ==> ignore
    arg [-dynamic-linker] ==> ignore
    arg [/lib64/ld-linux-x86-64.so.2] ==> ignore
    arg [-o] ==> ignore
    arg [cmTC_b585a] ==> ignore
    arg [/root/anaconda3/envs/sss/lib/gcc/x86_64-unknown-linux-gnu/5.2.0/crt1.o] ==> ignore
    arg [/root/anaconda3/envs/sss/lib/gcc/x86_64-unknown-linux-gnu/5.2.0/crti.o] ==> ignore
    arg [/root/anaconda3/envs/sss/lib/gcc/x86_64-unknown-linux-gnu/5.2.0/crtbegin.o] ==> ignore
    arg [-L/root/anaconda3/envs/sss/lib/gcc/x86_64-unknown-linux-gnu/5.2.0] ==> dir [/root/anaconda3/envs/sss/lib/gcc/x86_64-unknown-linux-gnu/5.2.0]
    arg [-L/lib/../lib64] ==> dir [/lib/../lib64]
    arg [-L/root/anaconda3/envs/sss/lib/gcc/x86_64-unknown-linux-gnu/5.2.0/../../..] ==> dir [/root/anaconda3/envs/sss/lib/gcc/x86_64-unknown-linux-gnu/5.2.0/../../..]
    arg [CMakeFiles/cmTC_b585a.dir/CMakeCCompilerABI.c.o] ==> ignore
    arg [-lgcc] ==> lib [gcc]
    arg [--as-needed] ==> ignore
    arg [-lgcc_s] ==> lib [gcc_s]
    arg [--no-as-needed] ==> ignore
    arg [-lc] ==> lib [c]
    arg [-lgcc] ==> lib [gcc]
    arg [--as-needed] ==> ignore
    arg [-lgcc_s] ==> lib [gcc_s]
    arg [--no-as-needed] ==> ignore
    arg [/root/anaconda3/envs/sss/lib/gcc/x86_64-unknown-linux-gnu/5.2.0/crtend.o] ==> ignore
    arg [/root/anaconda3/envs/sss/lib/gcc/x86_64-unknown-linux-gnu/5.2.0/crtn.o] ==> ignore
  remove lib [gcc]
  remove lib [gcc_s]
  remove lib [gcc]
  remove lib [gcc_s]
  collapse library dir [/root/anaconda3/envs/sss/lib/gcc/x86_64-unknown-linux-gnu/5.2.0] ==> [/root/anaconda3/envs/sss/lib/gcc/x86_64-unknown-linux-gnu/5.2.0]
  collapse library dir [/lib/../lib64] ==> [/lib64]
  collapse library dir [/root/anaconda3/envs/sss/lib/gcc/x86_64-unknown-linux-gnu/5.2.0/../../..] ==> [/root/anaconda3/envs/sss/lib]
  implicit libs: [c]
  implicit dirs: [/root/anaconda3/envs/sss/lib/gcc/x86_64-unknown-linux-gnu/5.2.0;/lib64;/root/anaconda3/envs/sss/lib]
  implicit fwks: []




Detecting C [-std=c11] compiler features compiled with the following output:
Change Dir: /root/software_summer_school/JK_speedup_challenge/jkcomp/build/CMakeFiles/CMakeTmp

Run Build Command:"/usr/bin/make" "cmTC_0e945/fast"
/usr/bin/make -f CMakeFiles/cmTC_0e945.dir/build.make CMakeFiles/cmTC_0e945.dir/build
make[1]: Entering directory `/root/software_summer_school/JK_speedup_challenge/jkcomp/build/CMakeFiles/CMakeTmp'
Building C object CMakeFiles/cmTC_0e945.dir/feature_tests.c.o
/root/anaconda3/envs/sss/bin/cc    -std=c11 -o CMakeFiles/cmTC_0e945.dir/feature_tests.c.o   -c /root/software_summer_school/JK_speedup_challenge/jkcomp/build/CMakeFiles/feature_tests.c
Linking C executable cmTC_0e945
/root/cmake-3.7.1/bin/cmake -E cmake_link_script CMakeFiles/cmTC_0e945.dir/link.txt --verbose=1
/root/anaconda3/envs/sss/bin/cc       CMakeFiles/cmTC_0e945.dir/feature_tests.c.o  -o cmTC_0e945 -rdynamic 
make[1]: Leaving directory `/root/software_summer_school/JK_speedup_challenge/jkcomp/build/CMakeFiles/CMakeTmp'


    Feature record: C_FEATURE:1c_function_prototypes
    Feature record: C_FEATURE:1c_restrict
    Feature record: C_FEATURE:1c_static_assert
    Feature record: C_FEATURE:1c_variadic_macros


Detecting C [-std=c99] compiler features compiled with the following output:
Change Dir: /root/software_summer_school/JK_speedup_challenge/jkcomp/build/CMakeFiles/CMakeTmp

Run Build Command:"/usr/bin/make" "cmTC_0feb0/fast"
/usr/bin/make -f CMakeFiles/cmTC_0feb0.dir/build.make CMakeFiles/cmTC_0feb0.dir/build
make[1]: Entering directory `/root/software_summer_school/JK_speedup_challenge/jkcomp/build/CMakeFiles/CMakeTmp'
Building C object CMakeFiles/cmTC_0feb0.dir/feature_tests.c.o
/root/anaconda3/envs/sss/bin/cc    -std=c99 -o CMakeFiles/cmTC_0feb0.dir/feature_tests.c.o   -c /root/software_summer_school/JK_speedup_challenge/jkcomp/build/CMakeFiles/feature_tests.c
Linking C executable cmTC_0feb0
/root/cmake-3.7.1/bin/cmake -E cmake_link_script CMakeFiles/cmTC_0feb0.dir/link.txt --verbose=1
/root/anaconda3/envs/sss/bin/cc       CMakeFiles/cmTC_0feb0.dir/feature_tests.c.o  -o cmTC_0feb0 -rdynamic 
make[1]: Leaving directory `/root/software_summer_school/JK_speedup_challenge/jkcomp/build/CMakeFiles/CMakeTmp'


    Feature record: C_FEATURE:1c_function_prototypes
    Feature record: C_FEATURE:1c_restrict
    Feature record: C_FEATURE:0c_static_assert
    Feature record: C_FEATURE:1c_variadic_macros


Detecting C [-std=c90] compiler features compiled with the following output:
Change Dir: /root/software_summer_school/JK_speedup_challenge/jkcomp/build/CMakeFiles/CMakeTmp

Run Build Command:"/usr/bin/make" "cmTC_9cfbe/fast"
/usr/bin/make -f CMakeFiles/cmTC_9cfbe.dir/build.make CMakeFiles/cmTC_9cfbe.dir/build
make[1]: Entering directory `/root/software_summer_school/JK_speedup_challenge/jkcomp/build/CMakeFiles/CMakeTmp'
Building C object CMakeFiles/cmTC_9cfbe.dir/feature_tests.c.o
/root/anaconda3/envs/sss/bin/cc    -std=c90 -o CMakeFiles/cmTC_9cfbe.dir/feature_tests.c.o   -c /root/software_summer_school/JK_speedup_challenge/jkcomp/build/CMakeFiles/feature_tests.c
Linking C executable cmTC_9cfbe
/root/cmake-3.7.1/bin/cmake -E cmake_link_script CMakeFiles/cmTC_9cfbe.dir/link.txt --verbose=1
/root/anaconda3/envs/sss/bin/cc       CMakeFiles/cmTC_9cfbe.dir/feature_tests.c.o  -o cmTC_9cfbe -rdynamic 
make[1]: Leaving directory `/root/software_summer_school/JK_speedup_challenge/jkcomp/build/CMakeFiles/CMakeTmp'


    Feature record: C_FEATURE:1c_function_prototypes
    Feature record: C_FEATURE:0c_restrict
    Feature record: C_FEATURE:0c_static_assert
    Feature record: C_FEATURE:0c_variadic_macros
Determining if the CXX compiler works passed with the following output:
Change Dir: /root/software_summer_school/JK_speedup_challenge/jkcomp/build/CMakeFiles/CMakeTmp

Run Build Command:"/usr/bin/make" "cmTC_0ab39/fast"
/usr/bin/make -f CMakeFiles/cmTC_0ab39.dir/build.make CMakeFiles/cmTC_0ab39.dir/build
make[1]: Entering directory `/root/software_summer_school/JK_speedup_challenge/jkcomp/build/CMakeFiles/CMakeTmp'
Building CXX object CMakeFiles/cmTC_0ab39.dir/testCXXCompiler.cxx.o
/root/anaconda3/envs/sss/bin/c++      -o CMakeFiles/cmTC_0ab39.dir/testCXXCompiler.cxx.o -c /root/software_summer_school/JK_speedup_challenge/jkcomp/build/CMakeFiles/CMakeTmp/testCXXCompiler.cxx
Linking CXX executable cmTC_0ab39
/root/cmake-3.7.1/bin/cmake -E cmake_link_script CMakeFiles/cmTC_0ab39.dir/link.txt --verbose=1
/root/anaconda3/envs/sss/bin/c++        CMakeFiles/cmTC_0ab39.dir/testCXXCompiler.cxx.o  -o cmTC_0ab39 -rdynamic 
make[1]: Leaving directory `/root/software_summer_school/JK_speedup_challenge/jkcomp/build/CMakeFiles/CMakeTmp'


Detecting CXX compiler ABI info compiled with the following output:
Change Dir: /root/software_summer_school/JK_speedup_challenge/jkcomp/build/CMakeFiles/CMakeTmp

Run Build Command:"/usr/bin/make" "cmTC_7bc5a/fast"
/usr/bin/make -f CMakeFiles/cmTC_7bc5a.dir/build.make CMakeFiles/cmTC_7bc5a.dir/build
make[1]: Entering directory `/root/software_summer_school/JK_speedup_challenge/jkcomp/build/CMakeFiles/CMakeTmp'
Building CXX object CMakeFiles/cmTC_7bc5a.dir/CMakeCXXCompilerABI.cpp.o
/root/anaconda3/envs/sss/bin/c++      -o CMakeFiles/cmTC_7bc5a.dir/CMakeCXXCompilerABI.cpp.o -c /root/cmake-3.7.1/Modules/CMakeCXXCompilerABI.cpp
Linking CXX executable cmTC_7bc5a
/root/cmake-3.7.1/bin/cmake -E cmake_link_script CMakeFiles/cmTC_7bc5a.dir/link.txt --verbose=1
/root/anaconda3/envs/sss/bin/c++       -v CMakeFiles/cmTC_7bc5a.dir/CMakeCXXCompilerABI.cpp.o  -o cmTC_7bc5a -rdynamic  
Reading specs from /root/anaconda3/envs/sss/lib/gcc/x86_64-unknown-linux-gnu/5.2.0/specs
COLLECT_GCC=/root/anaconda3/envs/sss/bin/c++
COLLECT_LTO_WRAPPER=/root/anaconda3/envs/sss/gcc/libexec/gcc/x86_64-unknown-linux-gnu/5.2.0/lto-wrapper
Target: x86_64-unknown-linux-gnu
Configured with: ./configure --prefix=/root/anaconda3/envs/sss/gcc --with-gxx-include-dir=/root/anaconda3/envs/sss/gcc/include/c++ --bindir=/root/anaconda3/envs/sss/bin --datarootdir=/root/anaconda3/envs/sss/share --libdir=/root/anaconda3/envs/sss/lib --with-gmp=/root/anaconda3/envs/sss --with-mpfr=/root/anaconda3/envs/sss --with-mpc=/root/anaconda3/envs/sss --with-isl=/root/anaconda3/envs/sss --with-cloog=/root/anaconda3/envs/sss --enable-checking=release --with-tune=generic --disable-multilib
Thread model: posix
gcc version 5.2.0 (GCC) 
COMPILER_PATH=/root/anaconda3/envs/sss/gcc/libexec/gcc/x86_64-unknown-linux-gnu/5.2.0/:/root/anaconda3/envs/sss/gcc/libexec/gcc/x86_64-unknown-linux-gnu/5.2.0/:/root/anaconda3/envs/sss/gcc/libexec/gcc/x86_64-unknown-linux-gnu/:/root/anaconda3/envs/sss/lib/gcc/x86_64-unknown-linux-gnu/5.2.0/:/root/anaconda3/envs/sss/lib/gcc/x86_64-unknown-linux-gnu/
LIBRARY_PATH=/root/anaconda3/envs/sss/lib/gcc/x86_64-unknown-linux-gnu/5.2.0/:/lib/../lib64/:/root/anaconda3/envs/sss/lib/gcc/x86_64-unknown-linux-gnu/5.2.0/../../../:/lib/:/usr/lib/
COLLECT_GCC_OPTIONS='-v' '-o' 'cmTC_7bc5a' '-rdynamic' '-shared-libgcc' '-mtune=generic' '-march=x86-64'
 /root/anaconda3/envs/sss/gcc/libexec/gcc/x86_64-unknown-linux-gnu/5.2.0/collect2 --eh-frame-hdr -m elf_x86_64 -export-dynamic -dynamic-linker /lib64/ld-linux-x86-64.so.2 -o cmTC_7bc5a /root/anaconda3/envs/sss/lib/gcc/x86_64-unknown-linux-gnu/5.2.0/crt1.o /root/anaconda3/envs/sss/lib/gcc/x86_64-unknown-linux-gnu/5.2.0/crti.o /root/anaconda3/envs/sss/lib/gcc/x86_64-unknown-linux-gnu/5.2.0/crtbegin.o -L/root/anaconda3/envs/sss/lib/gcc/x86_64-unknown-linux-gnu/5.2.0 -L/lib/../lib64 -L/root/anaconda3/envs/sss/lib/gcc/x86_64-unknown-linux-gnu/5.2.0/../../.. CMakeFiles/cmTC_7bc5a.dir/CMakeCXXCompilerABI.cpp.o -lstdc++ -lm -lgcc_s -lgcc -lc -lgcc_s -lgcc /root/anaconda3/envs/sss/lib/gcc/x86_64-unknown-linux-gnu/5.2.0/crtend.o /root/anaconda3/envs/sss/lib/gcc/x86_64-unknown-linux-gnu/5.2.0/crtn.o
make[1]: Leaving directory `/root/software_summer_school/JK_speedup_challenge/jkcomp/build/CMakeFiles/CMakeTmp'


Parsed CXX implicit link information from above output:
  link line regex: [^( *|.*[/\])(ld|([^/\]+-)?ld|collect2)[^/\]*( |$)]
  ignore line: [Change Dir: /root/software_summer_school/JK_speedup_challenge/jkcomp/build/CMakeFiles/CMakeTmp]
  ignore line: []
  ignore line: [Run Build Command:"/usr/bin/make" "cmTC_7bc5a/fast"]
  ignore line: [/usr/bin/make -f CMakeFiles/cmTC_7bc5a.dir/build.make CMakeFiles/cmTC_7bc5a.dir/build]
  ignore line: [make[1]: Entering directory `/root/software_summer_school/JK_speedup_challenge/jkcomp/build/CMakeFiles/CMakeTmp']
  ignore line: [Building CXX object CMakeFiles/cmTC_7bc5a.dir/CMakeCXXCompilerABI.cpp.o]
  ignore line: [/root/anaconda3/envs/sss/bin/c++      -o CMakeFiles/cmTC_7bc5a.dir/CMakeCXXCompilerABI.cpp.o -c /root/cmake-3.7.1/Modules/CMakeCXXCompilerABI.cpp]
  ignore line: [Linking CXX executable cmTC_7bc5a]
  ignore line: [/root/cmake-3.7.1/bin/cmake -E cmake_link_script CMakeFiles/cmTC_7bc5a.dir/link.txt --verbose=1]
  ignore line: [/root/anaconda3/envs/sss/bin/c++       -v CMakeFiles/cmTC_7bc5a.dir/CMakeCXXCompilerABI.cpp.o  -o cmTC_7bc5a -rdynamic  ]
  ignore line: [Reading specs from /root/anaconda3/envs/sss/lib/gcc/x86_64-unknown-linux-gnu/5.2.0/specs]
  ignore line: [COLLECT_GCC=/root/anaconda3/envs/sss/bin/c++]
  ignore line: [COLLECT_LTO_WRAPPER=/root/anaconda3/envs/sss/gcc/libexec/gcc/x86_64-unknown-linux-gnu/5.2.0/lto-wrapper]
  ignore line: [Target: x86_64-unknown-linux-gnu]
  ignore line: [Configured with: ./configure --prefix=/root/anaconda3/envs/sss/gcc --with-gxx-include-dir=/root/anaconda3/envs/sss/gcc/include/c++ --bindir=/root/anaconda3/envs/sss/bin --datarootdir=/root/anaconda3/envs/sss/share --libdir=/root/anaconda3/envs/sss/lib --with-gmp=/root/anaconda3/envs/sss --with-mpfr=/root/anaconda3/envs/sss --with-mpc=/root/anaconda3/envs/sss --with-isl=/root/anaconda3/envs/sss --with-cloog=/root/anaconda3/envs/sss --enable-checking=release --with-tune=generic --disable-multilib]
  ignore line: [Thread model: posix]
  ignore line: [gcc version 5.2.0 (GCC) ]
  ignore line: [COMPILER_PATH=/root/anaconda3/envs/sss/gcc/libexec/gcc/x86_64-unknown-linux-gnu/5.2.0/:/root/anaconda3/envs/sss/gcc/libexec/gcc/x86_64-unknown-linux-gnu/5.2.0/:/root/anaconda3/envs/sss/gcc/libexec/gcc/x86_64-unknown-linux-gnu/:/root/anaconda3/envs/sss/lib/gcc/x86_64-unknown-linux-gnu/5.2.0/:/root/anaconda3/envs/sss/lib/gcc/x86_64-unknown-linux-gnu/]
  ignore line: [LIBRARY_PATH=/root/anaconda3/envs/sss/lib/gcc/x86_64-unknown-linux-gnu/5.2.0/:/lib/../lib64/:/root/anaconda3/envs/sss/lib/gcc/x86_64-unknown-linux-gnu/5.2.0/../../../:/lib/:/usr/lib/]
  ignore line: [COLLECT_GCC_OPTIONS='-v' '-o' 'cmTC_7bc5a' '-rdynamic' '-shared-libgcc' '-mtune=generic' '-march=x86-64']
  link line: [ /root/anaconda3/envs/sss/gcc/libexec/gcc/x86_64-unknown-linux-gnu/5.2.0/collect2 --eh-frame-hdr -m elf_x86_64 -export-dynamic -dynamic-linker /lib64/ld-linux-x86-64.so.2 -o cmTC_7bc5a /root/anaconda3/envs/sss/lib/gcc/x86_64-unknown-linux-gnu/5.2.0/crt1.o /root/anaconda3/envs/sss/lib/gcc/x86_64-unknown-linux-gnu/5.2.0/crti.o /root/anaconda3/envs/sss/lib/gcc/x86_64-unknown-linux-gnu/5.2.0/crtbegin.o -L/root/anaconda3/envs/sss/lib/gcc/x86_64-unknown-linux-gnu/5.2.0 -L/lib/../lib64 -L/root/anaconda3/envs/sss/lib/gcc/x86_64-unknown-linux-gnu/5.2.0/../../.. CMakeFiles/cmTC_7bc5a.dir/CMakeCXXCompilerABI.cpp.o -lstdc++ -lm -lgcc_s -lgcc -lc -lgcc_s -lgcc /root/anaconda3/envs/sss/lib/gcc/x86_64-unknown-linux-gnu/5.2.0/crtend.o /root/anaconda3/envs/sss/lib/gcc/x86_64-unknown-linux-gnu/5.2.0/crtn.o]
    arg [/root/anaconda3/envs/sss/gcc/libexec/gcc/x86_64-unknown-linux-gnu/5.2.0/collect2] ==> ignore
    arg [--eh-frame-hdr] ==> ignore
    arg [-m] ==> ignore
    arg [elf_x86_64] ==> ignore
    arg [-export-dynamic] ==> ignore
    arg [-dynamic-linker] ==> ignore
    arg [/lib64/ld-linux-x86-64.so.2] ==> ignore
    arg [-o] ==> ignore
    arg [cmTC_7bc5a] ==> ignore
    arg [/root/anaconda3/envs/sss/lib/gcc/x86_64-unknown-linux-gnu/5.2.0/crt1.o] ==> ignore
    arg [/root/anaconda3/envs/sss/lib/gcc/x86_64-unknown-linux-gnu/5.2.0/crti.o] ==> ignore
    arg [/root/anaconda3/envs/sss/lib/gcc/x86_64-unknown-linux-gnu/5.2.0/crtbegin.o] ==> ignore
    arg [-L/root/anaconda3/envs/sss/lib/gcc/x86_64-unknown-linux-gnu/5.2.0] ==> dir [/root/anaconda3/envs/sss/lib/gcc/x86_64-unknown-linux-gnu/5.2.0]
    arg [-L/lib/../lib64] ==> dir [/lib/../lib64]
    arg [-L/root/anaconda3/envs/sss/lib/gcc/x86_64-unknown-linux-gnu/5.2.0/../../..] ==> dir [/root/anaconda3/envs/sss/lib/gcc/x86_64-unknown-linux-gnu/5.2.0/../../..]
    arg [CMakeFiles/cmTC_7bc5a.dir/CMakeCXXCompilerABI.cpp.o] ==> ignore
    arg [-lstdc++] ==> lib [stdc++]
    arg [-lm] ==> lib [m]
    arg [-lgcc_s] ==> lib [gcc_s]
    arg [-lgcc] ==> lib [gcc]
    arg [-lc] ==> lib [c]
    arg [-lgcc_s] ==> lib [gcc_s]
    arg [-lgcc] ==> lib [gcc]
    arg [/root/anaconda3/envs/sss/lib/gcc/x86_64-unknown-linux-gnu/5.2.0/crtend.o] ==> ignore
    arg [/root/anaconda3/envs/sss/lib/gcc/x86_64-unknown-linux-gnu/5.2.0/crtn.o] ==> ignore
  remove lib [gcc_s]
  remove lib [gcc]
  remove lib [gcc_s]
  remove lib [gcc]
  collapse library dir [/root/anaconda3/envs/sss/lib/gcc/x86_64-unknown-linux-gnu/5.2.0] ==> [/root/anaconda3/envs/sss/lib/gcc/x86_64-unknown-linux-gnu/5.2.0]
  collapse library dir [/lib/../lib64] ==> [/lib64]
  collapse library dir [/root/anaconda3/envs/sss/lib/gcc/x86_64-unknown-linux-gnu/5.2.0/../../..] ==> [/root/anaconda3/envs/sss/lib]
  implicit libs: [stdc++;m;c]
  implicit dirs: [/root/anaconda3/envs/sss/lib/gcc/x86_64-unknown-linux-gnu/5.2.0;/lib64;/root/anaconda3/envs/sss/lib]
  implicit fwks: []




Detecting CXX [-std=c++14] compiler features compiled with the following output:
Change Dir: /root/software_summer_school/JK_speedup_challenge/jkcomp/build/CMakeFiles/CMakeTmp

Run Build Command:"/usr/bin/make" "cmTC_f4de7/fast"
/usr/bin/make -f CMakeFiles/cmTC_f4de7.dir/build.make CMakeFiles/cmTC_f4de7.dir/build
make[1]: Entering directory `/root/software_summer_school/JK_speedup_challenge/jkcomp/build/CMakeFiles/CMakeTmp'
Building CXX object CMakeFiles/cmTC_f4de7.dir/feature_tests.cxx.o
/root/anaconda3/envs/sss/bin/c++     -std=c++14 -o CMakeFiles/cmTC_f4de7.dir/feature_tests.cxx.o -c /root/software_summer_school/JK_speedup_challenge/jkcomp/build/CMakeFiles/feature_tests.cxx
Linking CXX executable cmTC_f4de7
/root/cmake-3.7.1/bin/cmake -E cmake_link_script CMakeFiles/cmTC_f4de7.dir/link.txt --verbose=1
/root/anaconda3/envs/sss/bin/c++        CMakeFiles/cmTC_f4de7.dir/feature_tests.cxx.o  -o cmTC_f4de7 -rdynamic 
make[1]: Leaving directory `/root/software_summer_school/JK_speedup_challenge/jkcomp/build/CMakeFiles/CMakeTmp'


    Feature record: CXX_FEATURE:1cxx_aggregate_default_initializers
    Feature record: CXX_FEATURE:1cxx_alias_templates
    Feature record: CXX_FEATURE:1cxx_alignas
    Feature record: CXX_FEATURE:1cxx_alignof
    Feature record: CXX_FEATURE:1cxx_attributes
    Feature record: CXX_FEATURE:1cxx_attribute_deprecated
    Feature record: CXX_FEATURE:1cxx_auto_type
    Feature record: CXX_FEATURE:1cxx_binary_literals
    Feature record: CXX_FEATURE:1cxx_constexpr
    Feature record: CXX_FEATURE:1cxx_contextual_conversions
    Feature record: CXX_FEATURE:1cxx_decltype
    Feature record: CXX_FEATURE:1cxx_decltype_auto
    Feature record: CXX_FEATURE:1cxx_decltype_incomplete_return_types
    Feature record: CXX_FEATURE:1cxx_default_function_template_args
    Feature record: CXX_FEATURE:1cxx_defaulted_functions
    Feature record: CXX_FEATURE:1cxx_defaulted_move_initializers
    Feature record: CXX_FEATURE:1cxx_delegating_constructors
    Feature record: CXX_FEATURE:1cxx_deleted_functions
    Feature record: CXX_FEATURE:1cxx_digit_separators
    Feature record: CXX_FEATURE:1cxx_enum_forward_declarations
    Feature record: CXX_FEATURE:1cxx_explicit_conversions
    Feature record: CXX_FEATURE:1cxx_extended_friend_declarations
    Feature record: CXX_FEATURE:1cxx_extern_templates
    Feature record: CXX_FEATURE:1cxx_final
    Feature record: CXX_FEATURE:1cxx_func_identifier
    Feature record: CXX_FEATURE:1cxx_generalized_initializers
    Feature record: CXX_FEATURE:1cxx_generic_lambdas
    Feature record: CXX_FEATURE:1cxx_inheriting_constructors
    Feature record: CXX_FEATURE:1cxx_inline_namespaces
    Feature record: CXX_FEATURE:1cxx_lambdas
    Feature record: CXX_FEATURE:1cxx_lambda_init_captures
    Feature record: CXX_FEATURE:1cxx_local_type_template_args
    Feature record: CXX_FEATURE:1cxx_long_long_type
    Feature record: CXX_FEATURE:1cxx_noexcept
    Feature record: CXX_FEATURE:1cxx_nonstatic_member_init
    Feature record: CXX_FEATURE:1cxx_nullptr
    Feature record: CXX_FEATURE:1cxx_override
    Feature record: CXX_FEATURE:1cxx_range_for
    Feature record: CXX_FEATURE:1cxx_raw_string_literals
    Feature record: CXX_FEATURE:1cxx_reference_qualified_functions
    Feature record: CXX_FEATURE:1cxx_relaxed_constexpr
    Feature record: CXX_FEATURE:1cxx_return_type_deduction
    Feature record: CXX_FEATURE:1cxx_right_angle_brackets
    Feature record: CXX_FEATURE:1cxx_rvalue_references
    Feature record: CXX_FEATURE:1cxx_sizeof_member
    Feature record: CXX_FEATURE:1cxx_static_assert
    Feature record: CXX_FEATURE:1cxx_strong_enums
    Feature record: CXX_FEATURE:1cxx_template_template_parameters
    Feature record: CXX_FEATURE:1cxx_thread_local
    Feature record: CXX_FEATURE:1cxx_trailing_return_types
    Feature record: CXX_FEATURE:1cxx_unicode_literals
    Feature record: CXX_FEATURE:1cxx_uniform_initialization
    Feature record: CXX_FEATURE:1cxx_unrestricted_unions
    Feature record: CXX_FEATURE:1cxx_user_literals
    Feature record: CXX_FEATURE:1cxx_variable_templates
    Feature record: CXX_FEATURE:1cxx_variadic_macros
    Feature record: CXX_FEATURE:1cxx_variadic_templates


Detecting CXX [-std=c++11] compiler features compiled with the following output:
Change Dir: /root/software_summer_school/JK_speedup_challenge/jkcomp/build/CMakeFiles/CMakeTmp

Run Build Command:"/usr/bin/make" "cmTC_642a6/fast"
/usr/bin/make -f CMakeFiles/cmTC_642a6.dir/build.make CMakeFiles/cmTC_642a6.dir/build
make[1]: Entering directory `/root/software_summer_school/JK_speedup_challenge/jkcomp/build/CMakeFiles/CMakeTmp'
Building CXX object CMakeFiles/cmTC_642a6.dir/feature_tests.cxx.o
/root/anaconda3/envs/sss/bin/c++     -std=c++11 -o CMakeFiles/cmTC_642a6.dir/feature_tests.cxx.o -c /root/software_summer_school/JK_speedup_challenge/jkcomp/build/CMakeFiles/feature_tests.cxx
Linking CXX executable cmTC_642a6
/root/cmake-3.7.1/bin/cmake -E cmake_link_script CMakeFiles/cmTC_642a6.dir/link.txt --verbose=1
/root/anaconda3/envs/sss/bin/c++        CMakeFiles/cmTC_642a6.dir/feature_tests.cxx.o  -o cmTC_642a6 -rdynamic 
make[1]: Leaving directory `/root/software_summer_school/JK_speedup_challenge/jkcomp/build/CMakeFiles/CMakeTmp'


    Feature record: CXX_FEATURE:0cxx_aggregate_default_initializers
    Feature record: CXX_FEATURE:1cxx_alias_templates
    Feature record: CXX_FEATURE:1cxx_alignas
    Feature record: CXX_FEATURE:1cxx_alignof
    Feature record: CXX_FEATURE:1cxx_attributes
    Feature record: CXX_FEATURE:0cxx_attribute_deprecated
    Feature record: CXX_FEATURE:1cxx_auto_type
    Feature record: CXX_FEATURE:0cxx_binary_literals
    Feature record: CXX_FEATURE:1cxx_constexpr
    Feature record: CXX_FEATURE:0cxx_contextual_conversions
    Feature record: CXX_FEATURE:1cxx_decltype
    Feature record: CXX_FEATURE:0cxx_decltype_auto
    Feature record: CXX_FEATURE:1cxx_decltype_incomplete_return_types
    Feature record: CXX_FEATURE:1cxx_default_function_template_args
    Feature record: CXX_FEATURE:1cxx_defaulted_functions
    Feature record: CXX_FEATURE:1cxx_defaulted_move_initializers
    Feature record: CXX_FEATURE:1cxx_delegating_constructors
    Feature record: CXX_FEATURE:1cxx_deleted_functions
    Feature record: CXX_FEATURE:0cxx_digit_separators
    Feature record: CXX_FEATURE:1cxx_enum_forward_declarations
    Feature record: CXX_FEATURE:1cxx_explicit_conversions
    Feature record: CXX_FEATURE:1cxx_extended_friend_declarations
    Feature record: CXX_FEATURE:1cxx_extern_templates
    Feature record: CXX_FEATURE:1cxx_final
    Feature record: CXX_FEATURE:1cxx_func_identifier
    Feature record: CXX_FEATURE:1cxx_generalized_initializers
    Feature record: CXX_FEATURE:0cxx_generic_lambdas
    Feature record: CXX_FEATURE:1cxx_inheriting_constructors
    Feature record: CXX_FEATURE:1cxx_inline_namespaces
    Feature record: CXX_FEATURE:1cxx_lambdas
    Feature record: CXX_FEATURE:0cxx_lambda_init_captures
    Feature record: CXX_FEATURE:1cxx_local_type_template_args
    Feature record: CXX_FEATURE:1cxx_long_long_type
    Feature record: CXX_FEATURE:1cxx_noexcept
    Feature record: CXX_FEATURE:1cxx_nonstatic_member_init
    Feature record: CXX_FEATURE:1cxx_nullptr
    Feature record: CXX_FEATURE:1cxx_override
    Feature record: CXX_FEATURE:1cxx_range_for
    Feature record: CXX_FEATURE:1cxx_raw_string_literals
    Feature record: CXX_FEATURE:1cxx_reference_qualified_functions
    Feature record: CXX_FEATURE:0cxx_relaxed_constexpr
    Feature record: CXX_FEATURE:0cxx_return_type_deduction
    Feature record: CXX_FEATURE:1cxx_right_angle_brackets
    Feature record: CXX_FEATURE:1cxx_rvalue_references
    Feature record: CXX_FEATURE:1cxx_sizeof_member
    Feature record: CXX_FEATURE:1cxx_static_assert
    Feature record: CXX_FEATURE:1cxx_strong_enums
    Feature record: CXX_FEATURE:1cxx_template_template_parameters
    Feature record: CXX_FEATURE:1cxx_thread_local
    Feature record: CXX_FEATURE:1cxx_trailing_return_types
    Feature record: CXX_FEATURE:1cxx_unicode_literals
    Feature record: CXX_FEATURE:1cxx_uniform_initialization
    Feature record: CXX_FEATURE:1cxx_unrestricted_unions
    Feature record: CXX_FEATURE:1cxx_user_literals
    Feature record: CXX_FEATURE:0cxx_variable_templates
    Feature record: CXX_FEATURE:1cxx_variadic_macros
    Feature record: CXX_FEATURE:1cxx_variadic_templates


Detecting CXX [-std=c++98] compiler features compiled with the following output:
Change Dir: /root/software_summer_school/JK_speedup_challenge/jkcomp/build/CMakeFiles/CMakeTmp

Run Build Command:"/usr/bin/make" "cmTC_d7e63/fast"
/usr/bin/make -f CMakeFiles/cmTC_d7e63.dir/build.make CMakeFiles/cmTC_d7e63.dir/build
make[1]: Entering directory `/root/software_summer_school/JK_speedup_challenge/jkcomp/build/CMakeFiles/CMakeTmp'
Building CXX object CMakeFiles/cmTC_d7e63.dir/feature_tests.cxx.o
/root/anaconda3/envs/sss/bin/c++     -std=c++98 -o CMakeFiles/cmTC_d7e63.dir/feature_tests.cxx.o -c /root/software_summer_school/JK_speedup_challenge/jkcomp/build/CMakeFiles/feature_tests.cxx
Linking CXX executable cmTC_d7e63
/root/cmake-3.7.1/bin/cmake -E cmake_link_script CMakeFiles/cmTC_d7e63.dir/link.txt --verbose=1
/root/anaconda3/envs/sss/bin/c++        CMakeFiles/cmTC_d7e63.dir/feature_tests.cxx.o  -o cmTC_d7e63 -rdynamic 
make[1]: Leaving directory `/root/software_summer_school/JK_speedup_challenge/jkcomp/build/CMakeFiles/CMakeTmp'


    Feature record: CXX_FEATURE:0cxx_aggregate_default_initializers
    Feature record: CXX_FEATURE:0cxx_alias_templates
    Feature record: CXX_FEATURE:0cxx_alignas
    Feature record: CXX_FEATURE:0cxx_alignof
    Feature record: CXX_FEATURE:0cxx_attributes
    Feature record: CXX_FEATURE:0cxx_attribute_deprecated
    Feature record: CXX_FEATURE:0cxx_auto_type
    Feature record: CXX_FEATURE:0cxx_binary_literals
    Feature record: CXX_FEATURE:0cxx_constexpr
    Feature record: CXX_FEATURE:0cxx_contextual_conversions
    Feature record: CXX_FEATURE:0cxx_decltype
    Feature record: CXX_FEATURE:0cxx_decltype_auto
    Feature record: CXX_FEATURE:0cxx_decltype_incomplete_return_types
    Feature record: CXX_FEATURE:0cxx_default_function_template_args
    Feature record: CXX_FEATURE:0cxx_defaulted_functions
    Feature record: CXX_FEATURE:0cxx_defaulted_move_initializers
    Feature record: CXX_FEATURE:0cxx_delegating_constructors
    Feature record: CXX_FEATURE:0cxx_deleted_functions
    Feature record: CXX_FEATURE:0cxx_digit_separators
    Feature record: CXX_FEATURE:0cxx_enum_forward_declarations
    Feature record: CXX_FEATURE:0cxx_explicit_conversions
    Feature record: CXX_FEATURE:0cxx_extended_friend_declarations
    Feature record: CXX_FEATURE:0cxx_extern_templates
    Feature record: CXX_FEATURE:0cxx_final
    Feature record: CXX_FEATURE:0cxx_func_identifier
    Feature record: CXX_FEATURE:0cxx_generalized_initializers
    Feature record: CXX_FEATURE:0cxx_generic_lambdas
    Feature record: CXX_FEATURE:0cxx_inheriting_constructors
    Feature record: CXX_FEATURE:0cxx_inline_namespaces
    Feature record: CXX_FEATURE:0cxx_lambdas
    Feature record: CXX_FEATURE:0cxx_lambda_init_captures
    Feature record: CXX_FEATURE:0cxx_local_type_template_args
    Feature record: CXX_FEATURE:0cxx_long_long_type
    Feature record: CXX_FEATURE:0cxx_noexcept
    Feature record: CXX_FEATURE:0cxx_nonstatic_member_init
    Feature record: CXX_FEATURE:0cxx_nullptr
    Feature record: CXX_FEATURE:0cxx_override
    Feature record: CXX_FEATURE:0cxx_range_for
    Feature record: CXX_FEATURE:0cxx_raw_string_literals
    Feature record: CXX_FEATURE:0cxx_reference_qualified_functions
    Feature record: CXX_FEATURE:0cxx_relaxed_constexpr
    Feature record: CXX_FEATURE:0cxx_return_type_deduction
    Feature record: CXX_FEATURE:0cxx_right_angle_brackets
    Feature record: CXX_FEATURE:0cxx_rvalue_references
    Feature record: CXX_FEATURE:0cxx_sizeof_member
    Feature record: CXX_FEATURE:0cxx_static_assert
    Feature record: CXX_FEATURE:0cxx_strong_enums
    Feature record: CXX_FEATURE:1cxx_template_template_parameters
    Feature record: CXX_FEATURE:0cxx_thread_local
    Feature record: CXX_FEATURE:0cxx_trailing_return_types
    Feature record: CXX_FEATURE:0cxx_unicode_literals
    Feature record: CXX_FEATURE:0cxx_uniform_initialization
    Feature record: CXX_FEATURE:0cxx_unrestricted_unions
    Feature record: CXX_FEATURE:0cxx_user_literals
    Feature record: CXX_FEATURE:0cxx_variable_templates
    Feature record: CXX_FEATURE:0cxx_variadic_macros
    Feature record: CXX_FEATURE:0cxx_variadic_templates
The system is: Darwin - 16.7.0 - x86_64
Compiling the C compiler identification source file "CMakeCCompilerId.c" succeeded.
Compiler: /Users/nakul/miniconda/envs/sss/bin/cc 
Build flags: 
Id flags: 

The output was:
0


Compilation of the C compiler identification source "CMakeCCompilerId.c" produced "a.out"

The C compiler identification is GNU, found in "/Users/nakul/molssi-sss/git/QM_2017_SSS_Team6/cpp_opt/build/CMakeFiles/3.6.3/CompilerIdC/a.out"

Compiling the CXX compiler identification source file "CMakeCXXCompilerId.cpp" succeeded.
Compiler: /Users/nakul/miniconda/envs/sss/bin/c++ 
Build flags: 
Id flags: 

The output was:
0


Compilation of the CXX compiler identification source "CMakeCXXCompilerId.cpp" produced "a.out"

The CXX compiler identification is GNU, found in "/Users/nakul/molssi-sss/git/QM_2017_SSS_Team6/cpp_opt/build/CMakeFiles/3.6.3/CompilerIdCXX/a.out"

Determining if the C compiler works passed with the following output:
Change Dir: /Users/nakul/molssi-sss/git/QM_2017_SSS_Team6/cpp_opt/build/CMakeFiles/CMakeTmp

Run Build Command:"/usr/bin/make" "cmTC_8753f/fast"
/Applications/Xcode.app/Contents/Developer/usr/bin/make -f CMakeFiles/cmTC_8753f.dir/build.make CMakeFiles/cmTC_8753f.dir/build
Building C object CMakeFiles/cmTC_8753f.dir/testCCompiler.c.o
/Users/nakul/miniconda/envs/sss/bin/cc     -o CMakeFiles/cmTC_8753f.dir/testCCompiler.c.o   -c /Users/nakul/molssi-sss/git/QM_2017_SSS_Team6/cpp_opt/build/CMakeFiles/CMakeTmp/testCCompiler.c
Linking C executable cmTC_8753f
/Users/nakul/miniconda/envs/sss/bin/cmake -E cmake_link_script CMakeFiles/cmTC_8753f.dir/link.txt --verbose=1
/Users/nakul/miniconda/envs/sss/bin/cc    -Wl,-search_paths_first -Wl,-headerpad_max_install_names   CMakeFiles/cmTC_8753f.dir/testCCompiler.c.o  -o cmTC_8753f  


Detecting C compiler ABI info compiled with the following output:
Change Dir: /Users/nakul/molssi-sss/git/QM_2017_SSS_Team6/cpp_opt/build/CMakeFiles/CMakeTmp

Run Build Command:"/usr/bin/make" "cmTC_87f62/fast"
/Applications/Xcode.app/Contents/Developer/usr/bin/make -f CMakeFiles/cmTC_87f62.dir/build.make CMakeFiles/cmTC_87f62.dir/build
Building C object CMakeFiles/cmTC_87f62.dir/CMakeCCompilerABI.c.o
/Users/nakul/miniconda/envs/sss/bin/cc     -o CMakeFiles/cmTC_87f62.dir/CMakeCCompilerABI.c.o   -c /Users/nakul/miniconda/envs/sss/share/cmake-3.6/Modules/CMakeCCompilerABI.c
Linking C executable cmTC_87f62
/Users/nakul/miniconda/envs/sss/bin/cmake -E cmake_link_script CMakeFiles/cmTC_87f62.dir/link.txt --verbose=1
/Users/nakul/miniconda/envs/sss/bin/cc    -Wl,-search_paths_first -Wl,-headerpad_max_install_names  -v -Wl,-v CMakeFiles/cmTC_87f62.dir/CMakeCCompilerABI.c.o  -o cmTC_87f62   
Using built-in specs.
COLLECT_GCC=/Users/nakul/miniconda/envs/sss/bin/cc
COLLECT_LTO_WRAPPER=/Users/nakul/miniconda/envs/sss/libexec/gcc/x86_64-apple-darwin13.4.0/5.2.0/lto-wrapper
Target: x86_64-apple-darwin13.4.0
Configured with: ./configure --prefix=/Users/nakul/miniconda/envs/sss --libdir=/Users/nakul/miniconda/envs/sss/lib --with-gmp=/Users/nakul/miniconda/envs/sss --with-mpfr=/Users/nakul/miniconda/envs/sss --with-mpc=/Users/nakul/miniconda/envs/sss --with-isl=/Users/nakul/miniconda/envs/sss --with-cloog=/Users/nakul/miniconda/envs/sss --with-boot-ldflags=-Wl,-headerpad_max_install_names --with-stage1-ldflags=-Wl,-headerpad_max_install_names --enable-checking=release --disable-multilib
Thread model: posix
gcc version 5.2.0 (GCC) 
COMPILER_PATH=/Users/nakul/miniconda/envs/sss/libexec/gcc/x86_64-apple-darwin13.4.0/5.2.0/:/Users/nakul/miniconda/envs/sss/libexec/gcc/x86_64-apple-darwin13.4.0/5.2.0/:/Users/nakul/miniconda/envs/sss/libexec/gcc/x86_64-apple-darwin13.4.0/:/Users/nakul/miniconda/envs/sss/lib/gcc/x86_64-apple-darwin13.4.0/5.2.0/:/Users/nakul/miniconda/envs/sss/lib/gcc/x86_64-apple-darwin13.4.0/
LIBRARY_PATH=/Users/nakul/miniconda/envs/sss/lib/gcc/x86_64-apple-darwin13.4.0/5.2.0/:/Users/nakul/miniconda/envs/sss/lib/gcc/x86_64-apple-darwin13.4.0/5.2.0/../../../:/usr/lib/
COLLECT_GCC_OPTIONS='-mmacosx-version-min=10.12.7' '-v' '-o' 'cmTC_87f62' '-mtune=core2'
 /Users/nakul/miniconda/envs/sss/libexec/gcc/x86_64-apple-darwin13.4.0/5.2.0/collect2 -dynamic -arch x86_64 -macosx_version_min 10.12.7 -weak_reference_mismatches non-weak -o cmTC_87f62 -L/Users/nakul/miniconda/envs/sss/lib/gcc/x86_64-apple-darwin13.4.0/5.2.0 -L/Users/nakul/miniconda/envs/sss/lib/gcc/x86_64-apple-darwin13.4.0/5.2.0/../../.. -search_paths_first -headerpad_max_install_names -v CMakeFiles/cmTC_87f62.dir/CMakeCCompilerABI.c.o -no_compact_unwind -lSystem -lgcc_ext.10.5 -lgcc -lSystem -v
collect2 version 5.2.0
/usr/bin/ld -dynamic -arch x86_64 -macosx_version_min 10.12.7 -weak_reference_mismatches non-weak -o cmTC_87f62 -L/Users/nakul/miniconda/envs/sss/lib/gcc/x86_64-apple-darwin13.4.0/5.2.0 -L/Users/nakul/miniconda/envs/sss/lib/gcc/x86_64-apple-darwin13.4.0/5.2.0/../../.. -search_paths_first -headerpad_max_install_names -v CMakeFiles/cmTC_87f62.dir/CMakeCCompilerABI.c.o -no_compact_unwind -lSystem -lgcc_ext.10.5 -lgcc -lSystem -v
@(#)PROGRAM:ld  PROJECT:ld64-278.4
configured to support archs: armv6 armv7 armv7s arm64 i386 x86_64 x86_64h armv6m armv7k armv7m armv7em (tvOS)
@(#)PROGRAM:ld  PROJECT:ld64-278.4
configured to support archs: armv6 armv7 armv7s arm64 i386 x86_64 x86_64h armv6m armv7k armv7m armv7em (tvOS)
Library search paths:
	/Users/nakul/miniconda/envs/sss/lib/gcc/x86_64-apple-darwin13.4.0/5.2.0
	/Users/nakul/miniconda/envs/sss/lib
	/usr/lib
	/usr/local/lib
Framework search paths:
	/Library/Frameworks/
	/System/Library/Frameworks/


Parsed C implicit link information from above output:
  link line regex: [^( *|.*[/\])(ld|([^/\]+-)?ld|collect2)[^/\]*( |$)]
  ignore line: [Change Dir: /Users/nakul/molssi-sss/git/QM_2017_SSS_Team6/cpp_opt/build/CMakeFiles/CMakeTmp]
  ignore line: []
  ignore line: [Run Build Command:"/usr/bin/make" "cmTC_87f62/fast"]
  ignore line: [/Applications/Xcode.app/Contents/Developer/usr/bin/make -f CMakeFiles/cmTC_87f62.dir/build.make CMakeFiles/cmTC_87f62.dir/build]
  ignore line: [Building C object CMakeFiles/cmTC_87f62.dir/CMakeCCompilerABI.c.o]
  ignore line: [/Users/nakul/miniconda/envs/sss/bin/cc     -o CMakeFiles/cmTC_87f62.dir/CMakeCCompilerABI.c.o   -c /Users/nakul/miniconda/envs/sss/share/cmake-3.6/Modules/CMakeCCompilerABI.c]
  ignore line: [Linking C executable cmTC_87f62]
  ignore line: [/Users/nakul/miniconda/envs/sss/bin/cmake -E cmake_link_script CMakeFiles/cmTC_87f62.dir/link.txt --verbose=1]
  ignore line: [/Users/nakul/miniconda/envs/sss/bin/cc    -Wl,-search_paths_first -Wl,-headerpad_max_install_names  -v -Wl,-v CMakeFiles/cmTC_87f62.dir/CMakeCCompilerABI.c.o  -o cmTC_87f62   ]
  ignore line: [Using built-in specs.]
  ignore line: [COLLECT_GCC=/Users/nakul/miniconda/envs/sss/bin/cc]
  ignore line: [COLLECT_LTO_WRAPPER=/Users/nakul/miniconda/envs/sss/libexec/gcc/x86_64-apple-darwin13.4.0/5.2.0/lto-wrapper]
  ignore line: [Target: x86_64-apple-darwin13.4.0]
  ignore line: [Configured with: ./configure --prefix=/Users/nakul/miniconda/envs/sss --libdir=/Users/nakul/miniconda/envs/sss/lib --with-gmp=/Users/nakul/miniconda/envs/sss --with-mpfr=/Users/nakul/miniconda/envs/sss --with-mpc=/Users/nakul/miniconda/envs/sss --with-isl=/Users/nakul/miniconda/envs/sss --with-cloog=/Users/nakul/miniconda/envs/sss --with-boot-ldflags=-Wl,-headerpad_max_install_names --with-stage1-ldflags=-Wl,-headerpad_max_install_names --enable-checking=release --disable-multilib]
  ignore line: [Thread model: posix]
  ignore line: [gcc version 5.2.0 (GCC) ]
  ignore line: [COMPILER_PATH=/Users/nakul/miniconda/envs/sss/libexec/gcc/x86_64-apple-darwin13.4.0/5.2.0/:/Users/nakul/miniconda/envs/sss/libexec/gcc/x86_64-apple-darwin13.4.0/5.2.0/:/Users/nakul/miniconda/envs/sss/libexec/gcc/x86_64-apple-darwin13.4.0/:/Users/nakul/miniconda/envs/sss/lib/gcc/x86_64-apple-darwin13.4.0/5.2.0/:/Users/nakul/miniconda/envs/sss/lib/gcc/x86_64-apple-darwin13.4.0/]
  ignore line: [LIBRARY_PATH=/Users/nakul/miniconda/envs/sss/lib/gcc/x86_64-apple-darwin13.4.0/5.2.0/:/Users/nakul/miniconda/envs/sss/lib/gcc/x86_64-apple-darwin13.4.0/5.2.0/../../../:/usr/lib/]
  ignore line: [COLLECT_GCC_OPTIONS='-mmacosx-version-min=10.12.7' '-v' '-o' 'cmTC_87f62' '-mtune=core2']
  link line: [ /Users/nakul/miniconda/envs/sss/libexec/gcc/x86_64-apple-darwin13.4.0/5.2.0/collect2 -dynamic -arch x86_64 -macosx_version_min 10.12.7 -weak_reference_mismatches non-weak -o cmTC_87f62 -L/Users/nakul/miniconda/envs/sss/lib/gcc/x86_64-apple-darwin13.4.0/5.2.0 -L/Users/nakul/miniconda/envs/sss/lib/gcc/x86_64-apple-darwin13.4.0/5.2.0/../../.. -search_paths_first -headerpad_max_install_names -v CMakeFiles/cmTC_87f62.dir/CMakeCCompilerABI.c.o -no_compact_unwind -lSystem -lgcc_ext.10.5 -lgcc -lSystem -v]
    arg [/Users/nakul/miniconda/envs/sss/libexec/gcc/x86_64-apple-darwin13.4.0/5.2.0/collect2] ==> ignore
    arg [-dynamic] ==> ignore
    arg [-arch] ==> ignore
    arg [x86_64] ==> ignore
    arg [-macosx_version_min] ==> ignore
    arg [10.12.7] ==> ignore
    arg [-weak_reference_mismatches] ==> ignore
    arg [non-weak] ==> ignore
    arg [-o] ==> ignore
    arg [cmTC_87f62] ==> ignore
    arg [-L/Users/nakul/miniconda/envs/sss/lib/gcc/x86_64-apple-darwin13.4.0/5.2.0] ==> dir [/Users/nakul/miniconda/envs/sss/lib/gcc/x86_64-apple-darwin13.4.0/5.2.0]
    arg [-L/Users/nakul/miniconda/envs/sss/lib/gcc/x86_64-apple-darwin13.4.0/5.2.0/../../..] ==> dir [/Users/nakul/miniconda/envs/sss/lib/gcc/x86_64-apple-darwin13.4.0/5.2.0/../../..]
    arg [-search_paths_first] ==> ignore
    arg [-headerpad_max_install_names] ==> ignore
    arg [-v] ==> ignore
    arg [CMakeFiles/cmTC_87f62.dir/CMakeCCompilerABI.c.o] ==> ignore
    arg [-no_compact_unwind] ==> ignore
    arg [-lSystem] ==> lib [System]
    arg [-lgcc_ext.10.5] ==> lib [gcc_ext.10.5]
    arg [-lgcc] ==> lib [gcc]
    arg [-lSystem] ==> lib [System]
    arg [-v] ==> ignore
  ignore line: [collect2 version 5.2.0]
  link line: [/usr/bin/ld -dynamic -arch x86_64 -macosx_version_min 10.12.7 -weak_reference_mismatches non-weak -o cmTC_87f62 -L/Users/nakul/miniconda/envs/sss/lib/gcc/x86_64-apple-darwin13.4.0/5.2.0 -L/Users/nakul/miniconda/envs/sss/lib/gcc/x86_64-apple-darwin13.4.0/5.2.0/../../.. -search_paths_first -headerpad_max_install_names -v CMakeFiles/cmTC_87f62.dir/CMakeCCompilerABI.c.o -no_compact_unwind -lSystem -lgcc_ext.10.5 -lgcc -lSystem -v]
    arg [/usr/bin/ld] ==> ignore
    arg [-dynamic] ==> ignore
    arg [-arch] ==> ignore
    arg [x86_64] ==> ignore
    arg [-macosx_version_min] ==> ignore
    arg [10.12.7] ==> ignore
    arg [-weak_reference_mismatches] ==> ignore
    arg [non-weak] ==> ignore
    arg [-o] ==> ignore
    arg [cmTC_87f62] ==> ignore
    arg [-L/Users/nakul/miniconda/envs/sss/lib/gcc/x86_64-apple-darwin13.4.0/5.2.0] ==> dir [/Users/nakul/miniconda/envs/sss/lib/gcc/x86_64-apple-darwin13.4.0/5.2.0]
    arg [-L/Users/nakul/miniconda/envs/sss/lib/gcc/x86_64-apple-darwin13.4.0/5.2.0/../../..] ==> dir [/Users/nakul/miniconda/envs/sss/lib/gcc/x86_64-apple-darwin13.4.0/5.2.0/../../..]
    arg [-search_paths_first] ==> ignore
    arg [-headerpad_max_install_names] ==> ignore
    arg [-v] ==> ignore
    arg [CMakeFiles/cmTC_87f62.dir/CMakeCCompilerABI.c.o] ==> ignore
    arg [-no_compact_unwind] ==> ignore
    arg [-lSystem] ==> lib [System]
    arg [-lgcc_ext.10.5] ==> lib [gcc_ext.10.5]
    arg [-lgcc] ==> lib [gcc]
    arg [-lSystem] ==> lib [System]
    arg [-v] ==> ignore
  ignore line: [@(#)PROGRAM:ld  PROJECT:ld64-278.4]
  ignore line: [configured to support archs: armv6 armv7 armv7s arm64 i386 x86_64 x86_64h armv6m armv7k armv7m armv7em (tvOS)]
  ignore line: [@(#)PROGRAM:ld  PROJECT:ld64-278.4]
  ignore line: [configured to support archs: armv6 armv7 armv7s arm64 i386 x86_64 x86_64h armv6m armv7k armv7m armv7em (tvOS)]
  ignore line: [Library search paths:]
  ignore line: [	/Users/nakul/miniconda/envs/sss/lib/gcc/x86_64-apple-darwin13.4.0/5.2.0]
  ignore line: [	/Users/nakul/miniconda/envs/sss/lib]
  ignore line: [	/usr/lib]
  ignore line: [	/usr/local/lib]
  ignore line: [Framework search paths:]
  ignore line: [	/Library/Frameworks/]
  ignore line: [	/System/Library/Frameworks/]
  ignore line: []
  Library search paths: [;/Users/nakul/miniconda/envs/sss/lib/gcc/x86_64-apple-darwin13.4.0/5.2.0;/Users/nakul/miniconda/envs/sss/lib;/usr/lib;/usr/local/lib]
  Framework search paths: [;/Library/Frameworks/;/System/Library/Frameworks/]
  remove lib [System]
  remove lib [gcc_ext.10.5]
  remove lib [gcc]
  remove lib [System]
  remove lib [System]
  remove lib [gcc_ext.10.5]
  remove lib [gcc]
  remove lib [System]
  collapse library dir [/Users/nakul/miniconda/envs/sss/lib/gcc/x86_64-apple-darwin13.4.0/5.2.0] ==> [/Users/nakul/miniconda/envs/sss/lib/gcc/x86_64-apple-darwin13.4.0/5.2.0]
  collapse library dir [/Users/nakul/miniconda/envs/sss/lib/gcc/x86_64-apple-darwin13.4.0/5.2.0/../../..] ==> [/Users/nakul/miniconda/envs/sss/lib]
  collapse library dir [/Users/nakul/miniconda/envs/sss/lib/gcc/x86_64-apple-darwin13.4.0/5.2.0] ==> [/Users/nakul/miniconda/envs/sss/lib/gcc/x86_64-apple-darwin13.4.0/5.2.0]
  collapse library dir [/Users/nakul/miniconda/envs/sss/lib/gcc/x86_64-apple-darwin13.4.0/5.2.0/../../..] ==> [/Users/nakul/miniconda/envs/sss/lib]
  collapse library dir [/Users/nakul/miniconda/envs/sss/lib/gcc/x86_64-apple-darwin13.4.0/5.2.0] ==> [/Users/nakul/miniconda/envs/sss/lib/gcc/x86_64-apple-darwin13.4.0/5.2.0]
  collapse library dir [/Users/nakul/miniconda/envs/sss/lib] ==> [/Users/nakul/miniconda/envs/sss/lib]
  collapse library dir [/usr/lib] ==> [/usr/lib]
  collapse library dir [/usr/local/lib] ==> [/usr/local/lib]
  collapse framework dir [/Library/Frameworks/] ==> [/Library/Frameworks]
  collapse framework dir [/System/Library/Frameworks/] ==> [/System/Library/Frameworks]
  linker did not report search dirs, re-using implicit dirs
  implicit libs: []
  implicit dirs: [/Users/nakul/miniconda/envs/sss/lib/gcc/x86_64-apple-darwin13.4.0/5.2.0;/Users/nakul/miniconda/envs/sss/lib;/usr/lib;/usr/local/lib]
  implicit linker search dirs: [/Users/nakul/miniconda/envs/sss/lib/gcc/x86_64-apple-darwin13.4.0/5.2.0;/Users/nakul/miniconda/envs/sss/lib;/usr/lib;/usr/local/lib]
  implicit fwks: [/Library/Frameworks;/System/Library/Frameworks]




Detecting C [-std=c11] compiler features compiled with the following output:
Change Dir: /Users/nakul/molssi-sss/git/QM_2017_SSS_Team6/cpp_opt/build/CMakeFiles/CMakeTmp

Run Build Command:"/usr/bin/make" "cmTC_ea197/fast"
/Applications/Xcode.app/Contents/Developer/usr/bin/make -f CMakeFiles/cmTC_ea197.dir/build.make CMakeFiles/cmTC_ea197.dir/build
Building C object CMakeFiles/cmTC_ea197.dir/feature_tests.c.o
/Users/nakul/miniconda/envs/sss/bin/cc    -std=c11 -o CMakeFiles/cmTC_ea197.dir/feature_tests.c.o   -c /Users/nakul/molssi-sss/git/QM_2017_SSS_Team6/cpp_opt/build/CMakeFiles/feature_tests.c
Linking C executable cmTC_ea197
/Users/nakul/miniconda/envs/sss/bin/cmake -E cmake_link_script CMakeFiles/cmTC_ea197.dir/link.txt --verbose=1
/Users/nakul/miniconda/envs/sss/bin/cc    -Wl,-search_paths_first -Wl,-headerpad_max_install_names   CMakeFiles/cmTC_ea197.dir/feature_tests.c.o  -o cmTC_ea197  


    Feature record: C_FEATURE:1c_function_prototypes
    Feature record: C_FEATURE:1c_restrict
    Feature record: C_FEATURE:1c_static_assert
    Feature record: C_FEATURE:1c_variadic_macros


Detecting C [-std=c99] compiler features compiled with the following output:
Change Dir: /Users/nakul/molssi-sss/git/QM_2017_SSS_Team6/cpp_opt/build/CMakeFiles/CMakeTmp

Run Build Command:"/usr/bin/make" "cmTC_928c1/fast"
/Applications/Xcode.app/Contents/Developer/usr/bin/make -f CMakeFiles/cmTC_928c1.dir/build.make CMakeFiles/cmTC_928c1.dir/build
Building C object CMakeFiles/cmTC_928c1.dir/feature_tests.c.o
/Users/nakul/miniconda/envs/sss/bin/cc    -std=c99 -o CMakeFiles/cmTC_928c1.dir/feature_tests.c.o   -c /Users/nakul/molssi-sss/git/QM_2017_SSS_Team6/cpp_opt/build/CMakeFiles/feature_tests.c
Linking C executable cmTC_928c1
/Users/nakul/miniconda/envs/sss/bin/cmake -E cmake_link_script CMakeFiles/cmTC_928c1.dir/link.txt --verbose=1
/Users/nakul/miniconda/envs/sss/bin/cc    -Wl,-search_paths_first -Wl,-headerpad_max_install_names   CMakeFiles/cmTC_928c1.dir/feature_tests.c.o  -o cmTC_928c1  


    Feature record: C_FEATURE:1c_function_prototypes
    Feature record: C_FEATURE:1c_restrict
    Feature record: C_FEATURE:0c_static_assert
    Feature record: C_FEATURE:1c_variadic_macros


Detecting C [-std=c90] compiler features compiled with the following output:
Change Dir: /Users/nakul/molssi-sss/git/QM_2017_SSS_Team6/cpp_opt/build/CMakeFiles/CMakeTmp

Run Build Command:"/usr/bin/make" "cmTC_3edfb/fast"
/Applications/Xcode.app/Contents/Developer/usr/bin/make -f CMakeFiles/cmTC_3edfb.dir/build.make CMakeFiles/cmTC_3edfb.dir/build
Building C object CMakeFiles/cmTC_3edfb.dir/feature_tests.c.o
/Users/nakul/miniconda/envs/sss/bin/cc    -std=c90 -o CMakeFiles/cmTC_3edfb.dir/feature_tests.c.o   -c /Users/nakul/molssi-sss/git/QM_2017_SSS_Team6/cpp_opt/build/CMakeFiles/feature_tests.c
Linking C executable cmTC_3edfb
/Users/nakul/miniconda/envs/sss/bin/cmake -E cmake_link_script CMakeFiles/cmTC_3edfb.dir/link.txt --verbose=1
/Users/nakul/miniconda/envs/sss/bin/cc    -Wl,-search_paths_first -Wl,-headerpad_max_install_names   CMakeFiles/cmTC_3edfb.dir/feature_tests.c.o  -o cmTC_3edfb  


    Feature record: C_FEATURE:1c_function_prototypes
    Feature record: C_FEATURE:0c_restrict
    Feature record: C_FEATURE:0c_static_assert
    Feature record: C_FEATURE:0c_variadic_macros
Determining if the CXX compiler works passed with the following output:
Change Dir: /Users/nakul/molssi-sss/git/QM_2017_SSS_Team6/cpp_opt/build/CMakeFiles/CMakeTmp

Run Build Command:"/usr/bin/make" "cmTC_9a71f/fast"
/Applications/Xcode.app/Contents/Developer/usr/bin/make -f CMakeFiles/cmTC_9a71f.dir/build.make CMakeFiles/cmTC_9a71f.dir/build
Building CXX object CMakeFiles/cmTC_9a71f.dir/testCXXCompiler.cxx.o
/Users/nakul/miniconda/envs/sss/bin/c++      -o CMakeFiles/cmTC_9a71f.dir/testCXXCompiler.cxx.o -c /Users/nakul/molssi-sss/git/QM_2017_SSS_Team6/cpp_opt/build/CMakeFiles/CMakeTmp/testCXXCompiler.cxx
Linking CXX executable cmTC_9a71f
/Users/nakul/miniconda/envs/sss/bin/cmake -E cmake_link_script CMakeFiles/cmTC_9a71f.dir/link.txt --verbose=1
/Users/nakul/miniconda/envs/sss/bin/c++     -Wl,-search_paths_first -Wl,-headerpad_max_install_names   CMakeFiles/cmTC_9a71f.dir/testCXXCompiler.cxx.o  -o cmTC_9a71f  


Detecting CXX compiler ABI info compiled with the following output:
Change Dir: /Users/nakul/molssi-sss/git/QM_2017_SSS_Team6/cpp_opt/build/CMakeFiles/CMakeTmp

Run Build Command:"/usr/bin/make" "cmTC_4d8ee/fast"
/Applications/Xcode.app/Contents/Developer/usr/bin/make -f CMakeFiles/cmTC_4d8ee.dir/build.make CMakeFiles/cmTC_4d8ee.dir/build
Building CXX object CMakeFiles/cmTC_4d8ee.dir/CMakeCXXCompilerABI.cpp.o
/Users/nakul/miniconda/envs/sss/bin/c++      -o CMakeFiles/cmTC_4d8ee.dir/CMakeCXXCompilerABI.cpp.o -c /Users/nakul/miniconda/envs/sss/share/cmake-3.6/Modules/CMakeCXXCompilerABI.cpp
Linking CXX executable cmTC_4d8ee
/Users/nakul/miniconda/envs/sss/bin/cmake -E cmake_link_script CMakeFiles/cmTC_4d8ee.dir/link.txt --verbose=1
/Users/nakul/miniconda/envs/sss/bin/c++     -Wl,-search_paths_first -Wl,-headerpad_max_install_names  -v -Wl,-v CMakeFiles/cmTC_4d8ee.dir/CMakeCXXCompilerABI.cpp.o  -o cmTC_4d8ee   
Using built-in specs.
COLLECT_GCC=/Users/nakul/miniconda/envs/sss/bin/c++
COLLECT_LTO_WRAPPER=/Users/nakul/miniconda/envs/sss/libexec/gcc/x86_64-apple-darwin13.4.0/5.2.0/lto-wrapper
Target: x86_64-apple-darwin13.4.0
Configured with: ./configure --prefix=/Users/nakul/miniconda/envs/sss --libdir=/Users/nakul/miniconda/envs/sss/lib --with-gmp=/Users/nakul/miniconda/envs/sss --with-mpfr=/Users/nakul/miniconda/envs/sss --with-mpc=/Users/nakul/miniconda/envs/sss --with-isl=/Users/nakul/miniconda/envs/sss --with-cloog=/Users/nakul/miniconda/envs/sss --with-boot-ldflags=-Wl,-headerpad_max_install_names --with-stage1-ldflags=-Wl,-headerpad_max_install_names --enable-checking=release --disable-multilib
Thread model: posix
gcc version 5.2.0 (GCC) 
COMPILER_PATH=/Users/nakul/miniconda/envs/sss/libexec/gcc/x86_64-apple-darwin13.4.0/5.2.0/:/Users/nakul/miniconda/envs/sss/libexec/gcc/x86_64-apple-darwin13.4.0/5.2.0/:/Users/nakul/miniconda/envs/sss/libexec/gcc/x86_64-apple-darwin13.4.0/:/Users/nakul/miniconda/envs/sss/lib/gcc/x86_64-apple-darwin13.4.0/5.2.0/:/Users/nakul/miniconda/envs/sss/lib/gcc/x86_64-apple-darwin13.4.0/
LIBRARY_PATH=/Users/nakul/miniconda/envs/sss/lib/gcc/x86_64-apple-darwin13.4.0/5.2.0/:/Users/nakul/miniconda/envs/sss/lib/gcc/x86_64-apple-darwin13.4.0/5.2.0/../../../:/usr/lib/
COLLECT_GCC_OPTIONS='-mmacosx-version-min=10.12.7' '-v' '-o' 'cmTC_4d8ee' '-shared-libgcc' '-mtune=core2'
 /Users/nakul/miniconda/envs/sss/libexec/gcc/x86_64-apple-darwin13.4.0/5.2.0/collect2 -dynamic -arch x86_64 -macosx_version_min 10.12.7 -weak_reference_mismatches non-weak -o cmTC_4d8ee -L/Users/nakul/miniconda/envs/sss/lib/gcc/x86_64-apple-darwin13.4.0/5.2.0 -L/Users/nakul/miniconda/envs/sss/lib/gcc/x86_64-apple-darwin13.4.0/5.2.0/../../.. -search_paths_first -headerpad_max_install_names -v CMakeFiles/cmTC_4d8ee.dir/CMakeCXXCompilerABI.cpp.o -lstdc++ -no_compact_unwind -lSystem -lgcc_ext.10.5 -lgcc -lSystem -v
collect2 version 5.2.0
/usr/bin/ld -dynamic -arch x86_64 -macosx_version_min 10.12.7 -weak_reference_mismatches non-weak -o cmTC_4d8ee -L/Users/nakul/miniconda/envs/sss/lib/gcc/x86_64-apple-darwin13.4.0/5.2.0 -L/Users/nakul/miniconda/envs/sss/lib/gcc/x86_64-apple-darwin13.4.0/5.2.0/../../.. -search_paths_first -headerpad_max_install_names -v CMakeFiles/cmTC_4d8ee.dir/CMakeCXXCompilerABI.cpp.o -lstdc++ -no_compact_unwind -lSystem -lgcc_ext.10.5 -lgcc -lSystem -v
@(#)PROGRAM:ld  PROJECT:ld64-278.4
configured to support archs: armv6 armv7 armv7s arm64 i386 x86_64 x86_64h armv6m armv7k armv7m armv7em (tvOS)
@(#)PROGRAM:ld  PROJECT:ld64-278.4
configured to support archs: armv6 armv7 armv7s arm64 i386 x86_64 x86_64h armv6m armv7k armv7m armv7em (tvOS)
Library search paths:
	/Users/nakul/miniconda/envs/sss/lib/gcc/x86_64-apple-darwin13.4.0/5.2.0
	/Users/nakul/miniconda/envs/sss/lib
	/usr/lib
	/usr/local/lib
Framework search paths:
	/Library/Frameworks/
	/System/Library/Frameworks/


Parsed CXX implicit link information from above output:
  link line regex: [^( *|.*[/\])(ld|([^/\]+-)?ld|collect2)[^/\]*( |$)]
  ignore line: [Change Dir: /Users/nakul/molssi-sss/git/QM_2017_SSS_Team6/cpp_opt/build/CMakeFiles/CMakeTmp]
  ignore line: []
  ignore line: [Run Build Command:"/usr/bin/make" "cmTC_4d8ee/fast"]
  ignore line: [/Applications/Xcode.app/Contents/Developer/usr/bin/make -f CMakeFiles/cmTC_4d8ee.dir/build.make CMakeFiles/cmTC_4d8ee.dir/build]
  ignore line: [Building CXX object CMakeFiles/cmTC_4d8ee.dir/CMakeCXXCompilerABI.cpp.o]
  ignore line: [/Users/nakul/miniconda/envs/sss/bin/c++      -o CMakeFiles/cmTC_4d8ee.dir/CMakeCXXCompilerABI.cpp.o -c /Users/nakul/miniconda/envs/sss/share/cmake-3.6/Modules/CMakeCXXCompilerABI.cpp]
  ignore line: [Linking CXX executable cmTC_4d8ee]
  ignore line: [/Users/nakul/miniconda/envs/sss/bin/cmake -E cmake_link_script CMakeFiles/cmTC_4d8ee.dir/link.txt --verbose=1]
  ignore line: [/Users/nakul/miniconda/envs/sss/bin/c++     -Wl,-search_paths_first -Wl,-headerpad_max_install_names  -v -Wl,-v CMakeFiles/cmTC_4d8ee.dir/CMakeCXXCompilerABI.cpp.o  -o cmTC_4d8ee   ]
  ignore line: [Using built-in specs.]
  ignore line: [COLLECT_GCC=/Users/nakul/miniconda/envs/sss/bin/c++]
  ignore line: [COLLECT_LTO_WRAPPER=/Users/nakul/miniconda/envs/sss/libexec/gcc/x86_64-apple-darwin13.4.0/5.2.0/lto-wrapper]
  ignore line: [Target: x86_64-apple-darwin13.4.0]
  ignore line: [Configured with: ./configure --prefix=/Users/nakul/miniconda/envs/sss --libdir=/Users/nakul/miniconda/envs/sss/lib --with-gmp=/Users/nakul/miniconda/envs/sss --with-mpfr=/Users/nakul/miniconda/envs/sss --with-mpc=/Users/nakul/miniconda/envs/sss --with-isl=/Users/nakul/miniconda/envs/sss --with-cloog=/Users/nakul/miniconda/envs/sss --with-boot-ldflags=-Wl,-headerpad_max_install_names --with-stage1-ldflags=-Wl,-headerpad_max_install_names --enable-checking=release --disable-multilib]
  ignore line: [Thread model: posix]
  ignore line: [gcc version 5.2.0 (GCC) ]
  ignore line: [COMPILER_PATH=/Users/nakul/miniconda/envs/sss/libexec/gcc/x86_64-apple-darwin13.4.0/5.2.0/:/Users/nakul/miniconda/envs/sss/libexec/gcc/x86_64-apple-darwin13.4.0/5.2.0/:/Users/nakul/miniconda/envs/sss/libexec/gcc/x86_64-apple-darwin13.4.0/:/Users/nakul/miniconda/envs/sss/lib/gcc/x86_64-apple-darwin13.4.0/5.2.0/:/Users/nakul/miniconda/envs/sss/lib/gcc/x86_64-apple-darwin13.4.0/]
  ignore line: [LIBRARY_PATH=/Users/nakul/miniconda/envs/sss/lib/gcc/x86_64-apple-darwin13.4.0/5.2.0/:/Users/nakul/miniconda/envs/sss/lib/gcc/x86_64-apple-darwin13.4.0/5.2.0/../../../:/usr/lib/]
  ignore line: [COLLECT_GCC_OPTIONS='-mmacosx-version-min=10.12.7' '-v' '-o' 'cmTC_4d8ee' '-shared-libgcc' '-mtune=core2']
  link line: [ /Users/nakul/miniconda/envs/sss/libexec/gcc/x86_64-apple-darwin13.4.0/5.2.0/collect2 -dynamic -arch x86_64 -macosx_version_min 10.12.7 -weak_reference_mismatches non-weak -o cmTC_4d8ee -L/Users/nakul/miniconda/envs/sss/lib/gcc/x86_64-apple-darwin13.4.0/5.2.0 -L/Users/nakul/miniconda/envs/sss/lib/gcc/x86_64-apple-darwin13.4.0/5.2.0/../../.. -search_paths_first -headerpad_max_install_names -v CMakeFiles/cmTC_4d8ee.dir/CMakeCXXCompilerABI.cpp.o -lstdc++ -no_compact_unwind -lSystem -lgcc_ext.10.5 -lgcc -lSystem -v]
    arg [/Users/nakul/miniconda/envs/sss/libexec/gcc/x86_64-apple-darwin13.4.0/5.2.0/collect2] ==> ignore
    arg [-dynamic] ==> ignore
    arg [-arch] ==> ignore
    arg [x86_64] ==> ignore
    arg [-macosx_version_min] ==> ignore
    arg [10.12.7] ==> ignore
    arg [-weak_reference_mismatches] ==> ignore
    arg [non-weak] ==> ignore
    arg [-o] ==> ignore
    arg [cmTC_4d8ee] ==> ignore
    arg [-L/Users/nakul/miniconda/envs/sss/lib/gcc/x86_64-apple-darwin13.4.0/5.2.0] ==> dir [/Users/nakul/miniconda/envs/sss/lib/gcc/x86_64-apple-darwin13.4.0/5.2.0]
    arg [-L/Users/nakul/miniconda/envs/sss/lib/gcc/x86_64-apple-darwin13.4.0/5.2.0/../../..] ==> dir [/Users/nakul/miniconda/envs/sss/lib/gcc/x86_64-apple-darwin13.4.0/5.2.0/../../..]
    arg [-search_paths_first] ==> ignore
    arg [-headerpad_max_install_names] ==> ignore
    arg [-v] ==> ignore
    arg [CMakeFiles/cmTC_4d8ee.dir/CMakeCXXCompilerABI.cpp.o] ==> ignore
    arg [-lstdc++] ==> lib [stdc++]
    arg [-no_compact_unwind] ==> ignore
    arg [-lSystem] ==> lib [System]
    arg [-lgcc_ext.10.5] ==> lib [gcc_ext.10.5]
    arg [-lgcc] ==> lib [gcc]
    arg [-lSystem] ==> lib [System]
    arg [-v] ==> ignore
  ignore line: [collect2 version 5.2.0]
  link line: [/usr/bin/ld -dynamic -arch x86_64 -macosx_version_min 10.12.7 -weak_reference_mismatches non-weak -o cmTC_4d8ee -L/Users/nakul/miniconda/envs/sss/lib/gcc/x86_64-apple-darwin13.4.0/5.2.0 -L/Users/nakul/miniconda/envs/sss/lib/gcc/x86_64-apple-darwin13.4.0/5.2.0/../../.. -search_paths_first -headerpad_max_install_names -v CMakeFiles/cmTC_4d8ee.dir/CMakeCXXCompilerABI.cpp.o -lstdc++ -no_compact_unwind -lSystem -lgcc_ext.10.5 -lgcc -lSystem -v]
    arg [/usr/bin/ld] ==> ignore
    arg [-dynamic] ==> ignore
    arg [-arch] ==> ignore
    arg [x86_64] ==> ignore
    arg [-macosx_version_min] ==> ignore
    arg [10.12.7] ==> ignore
    arg [-weak_reference_mismatches] ==> ignore
    arg [non-weak] ==> ignore
    arg [-o] ==> ignore
    arg [cmTC_4d8ee] ==> ignore
    arg [-L/Users/nakul/miniconda/envs/sss/lib/gcc/x86_64-apple-darwin13.4.0/5.2.0] ==> dir [/Users/nakul/miniconda/envs/sss/lib/gcc/x86_64-apple-darwin13.4.0/5.2.0]
    arg [-L/Users/nakul/miniconda/envs/sss/lib/gcc/x86_64-apple-darwin13.4.0/5.2.0/../../..] ==> dir [/Users/nakul/miniconda/envs/sss/lib/gcc/x86_64-apple-darwin13.4.0/5.2.0/../../..]
    arg [-search_paths_first] ==> ignore
    arg [-headerpad_max_install_names] ==> ignore
    arg [-v] ==> ignore
    arg [CMakeFiles/cmTC_4d8ee.dir/CMakeCXXCompilerABI.cpp.o] ==> ignore
    arg [-lstdc++] ==> lib [stdc++]
    arg [-no_compact_unwind] ==> ignore
    arg [-lSystem] ==> lib [System]
    arg [-lgcc_ext.10.5] ==> lib [gcc_ext.10.5]
    arg [-lgcc] ==> lib [gcc]
    arg [-lSystem] ==> lib [System]
    arg [-v] ==> ignore
  ignore line: [@(#)PROGRAM:ld  PROJECT:ld64-278.4]
  ignore line: [configured to support archs: armv6 armv7 armv7s arm64 i386 x86_64 x86_64h armv6m armv7k armv7m armv7em (tvOS)]
  ignore line: [@(#)PROGRAM:ld  PROJECT:ld64-278.4]
  ignore line: [configured to support archs: armv6 armv7 armv7s arm64 i386 x86_64 x86_64h armv6m armv7k armv7m armv7em (tvOS)]
  ignore line: [Library search paths:]
  ignore line: [	/Users/nakul/miniconda/envs/sss/lib/gcc/x86_64-apple-darwin13.4.0/5.2.0]
  ignore line: [	/Users/nakul/miniconda/envs/sss/lib]
  ignore line: [	/usr/lib]
  ignore line: [	/usr/local/lib]
  ignore line: [Framework search paths:]
  ignore line: [	/Library/Frameworks/]
  ignore line: [	/System/Library/Frameworks/]
  ignore line: []
  Library search paths: [;/Users/nakul/miniconda/envs/sss/lib/gcc/x86_64-apple-darwin13.4.0/5.2.0;/Users/nakul/miniconda/envs/sss/lib;/usr/lib;/usr/local/lib]
  Framework search paths: [;/Library/Frameworks/;/System/Library/Frameworks/]
  remove lib [System]
  remove lib [gcc_ext.10.5]
  remove lib [gcc]
  remove lib [System]
  remove lib [System]
  remove lib [gcc_ext.10.5]
  remove lib [gcc]
  remove lib [System]
  collapse library dir [/Users/nakul/miniconda/envs/sss/lib/gcc/x86_64-apple-darwin13.4.0/5.2.0] ==> [/Users/nakul/miniconda/envs/sss/lib/gcc/x86_64-apple-darwin13.4.0/5.2.0]
  collapse library dir [/Users/nakul/miniconda/envs/sss/lib/gcc/x86_64-apple-darwin13.4.0/5.2.0/../../..] ==> [/Users/nakul/miniconda/envs/sss/lib]
  collapse library dir [/Users/nakul/miniconda/envs/sss/lib/gcc/x86_64-apple-darwin13.4.0/5.2.0] ==> [/Users/nakul/miniconda/envs/sss/lib/gcc/x86_64-apple-darwin13.4.0/5.2.0]
  collapse library dir [/Users/nakul/miniconda/envs/sss/lib/gcc/x86_64-apple-darwin13.4.0/5.2.0/../../..] ==> [/Users/nakul/miniconda/envs/sss/lib]
  collapse library dir [/Users/nakul/miniconda/envs/sss/lib/gcc/x86_64-apple-darwin13.4.0/5.2.0] ==> [/Users/nakul/miniconda/envs/sss/lib/gcc/x86_64-apple-darwin13.4.0/5.2.0]
  collapse library dir [/Users/nakul/miniconda/envs/sss/lib] ==> [/Users/nakul/miniconda/envs/sss/lib]
  collapse library dir [/usr/lib] ==> [/usr/lib]
  collapse library dir [/usr/local/lib] ==> [/usr/local/lib]
  collapse framework dir [/Library/Frameworks/] ==> [/Library/Frameworks]
  collapse framework dir [/System/Library/Frameworks/] ==> [/System/Library/Frameworks]
  linker did not report search dirs, re-using implicit dirs
  implicit libs: [stdc++;stdc++]
  implicit dirs: [/Users/nakul/miniconda/envs/sss/lib/gcc/x86_64-apple-darwin13.4.0/5.2.0;/Users/nakul/miniconda/envs/sss/lib;/usr/lib;/usr/local/lib]
  implicit linker search dirs: [/Users/nakul/miniconda/envs/sss/lib/gcc/x86_64-apple-darwin13.4.0/5.2.0;/Users/nakul/miniconda/envs/sss/lib;/usr/lib;/usr/local/lib]
  implicit fwks: [/Library/Frameworks;/System/Library/Frameworks]




Detecting CXX [-std=c++14] compiler features compiled with the following output:
Change Dir: /Users/nakul/molssi-sss/git/QM_2017_SSS_Team6/cpp_opt/build/CMakeFiles/CMakeTmp

Run Build Command:"/usr/bin/make" "cmTC_7fd99/fast"
/Applications/Xcode.app/Contents/Developer/usr/bin/make -f CMakeFiles/cmTC_7fd99.dir/build.make CMakeFiles/cmTC_7fd99.dir/build
Building CXX object CMakeFiles/cmTC_7fd99.dir/feature_tests.cxx.o
/Users/nakul/miniconda/envs/sss/bin/c++     -std=c++14 -o CMakeFiles/cmTC_7fd99.dir/feature_tests.cxx.o -c /Users/nakul/molssi-sss/git/QM_2017_SSS_Team6/cpp_opt/build/CMakeFiles/feature_tests.cxx
Linking CXX executable cmTC_7fd99
/Users/nakul/miniconda/envs/sss/bin/cmake -E cmake_link_script CMakeFiles/cmTC_7fd99.dir/link.txt --verbose=1
/Users/nakul/miniconda/envs/sss/bin/c++     -Wl,-search_paths_first -Wl,-headerpad_max_install_names   CMakeFiles/cmTC_7fd99.dir/feature_tests.cxx.o  -o cmTC_7fd99  


    Feature record: CXX_FEATURE:1cxx_aggregate_default_initializers
    Feature record: CXX_FEATURE:1cxx_alias_templates
    Feature record: CXX_FEATURE:1cxx_alignas
    Feature record: CXX_FEATURE:1cxx_alignof
    Feature record: CXX_FEATURE:1cxx_attributes
    Feature record: CXX_FEATURE:1cxx_attribute_deprecated
    Feature record: CXX_FEATURE:1cxx_auto_type
    Feature record: CXX_FEATURE:1cxx_binary_literals
    Feature record: CXX_FEATURE:1cxx_constexpr
    Feature record: CXX_FEATURE:1cxx_contextual_conversions
    Feature record: CXX_FEATURE:1cxx_decltype
    Feature record: CXX_FEATURE:1cxx_decltype_auto
    Feature record: CXX_FEATURE:1cxx_decltype_incomplete_return_types
    Feature record: CXX_FEATURE:1cxx_default_function_template_args
    Feature record: CXX_FEATURE:1cxx_defaulted_functions
    Feature record: CXX_FEATURE:1cxx_defaulted_move_initializers
    Feature record: CXX_FEATURE:1cxx_delegating_constructors
    Feature record: CXX_FEATURE:1cxx_deleted_functions
    Feature record: CXX_FEATURE:1cxx_digit_separators
    Feature record: CXX_FEATURE:1cxx_enum_forward_declarations
    Feature record: CXX_FEATURE:1cxx_explicit_conversions
    Feature record: CXX_FEATURE:1cxx_extended_friend_declarations
    Feature record: CXX_FEATURE:1cxx_extern_templates
    Feature record: CXX_FEATURE:1cxx_final
    Feature record: CXX_FEATURE:1cxx_func_identifier
    Feature record: CXX_FEATURE:1cxx_generalized_initializers
    Feature record: CXX_FEATURE:1cxx_generic_lambdas
    Feature record: CXX_FEATURE:1cxx_inheriting_constructors
    Feature record: CXX_FEATURE:1cxx_inline_namespaces
    Feature record: CXX_FEATURE:1cxx_lambdas
    Feature record: CXX_FEATURE:1cxx_lambda_init_captures
    Feature record: CXX_FEATURE:1cxx_local_type_template_args
    Feature record: CXX_FEATURE:1cxx_long_long_type
    Feature record: CXX_FEATURE:1cxx_noexcept
    Feature record: CXX_FEATURE:1cxx_nonstatic_member_init
    Feature record: CXX_FEATURE:1cxx_nullptr
    Feature record: CXX_FEATURE:1cxx_override
    Feature record: CXX_FEATURE:1cxx_range_for
    Feature record: CXX_FEATURE:1cxx_raw_string_literals
    Feature record: CXX_FEATURE:1cxx_reference_qualified_functions
    Feature record: CXX_FEATURE:1cxx_relaxed_constexpr
    Feature record: CXX_FEATURE:1cxx_return_type_deduction
    Feature record: CXX_FEATURE:1cxx_right_angle_brackets
    Feature record: CXX_FEATURE:1cxx_rvalue_references
    Feature record: CXX_FEATURE:1cxx_sizeof_member
    Feature record: CXX_FEATURE:1cxx_static_assert
    Feature record: CXX_FEATURE:1cxx_strong_enums
    Feature record: CXX_FEATURE:1cxx_template_template_parameters
    Feature record: CXX_FEATURE:1cxx_thread_local
    Feature record: CXX_FEATURE:1cxx_trailing_return_types
    Feature record: CXX_FEATURE:1cxx_unicode_literals
    Feature record: CXX_FEATURE:1cxx_uniform_initialization
    Feature record: CXX_FEATURE:1cxx_unrestricted_unions
    Feature record: CXX_FEATURE:1cxx_user_literals
    Feature record: CXX_FEATURE:1cxx_variable_templates
    Feature record: CXX_FEATURE:1cxx_variadic_macros
    Feature record: CXX_FEATURE:1cxx_variadic_templates


Detecting CXX [-std=c++11] compiler features compiled with the following output:
Change Dir: /Users/nakul/molssi-sss/git/QM_2017_SSS_Team6/cpp_opt/build/CMakeFiles/CMakeTmp

Run Build Command:"/usr/bin/make" "cmTC_8d241/fast"
/Applications/Xcode.app/Contents/Developer/usr/bin/make -f CMakeFiles/cmTC_8d241.dir/build.make CMakeFiles/cmTC_8d241.dir/build
Building CXX object CMakeFiles/cmTC_8d241.dir/feature_tests.cxx.o
/Users/nakul/miniconda/envs/sss/bin/c++     -std=c++11 -o CMakeFiles/cmTC_8d241.dir/feature_tests.cxx.o -c /Users/nakul/molssi-sss/git/QM_2017_SSS_Team6/cpp_opt/build/CMakeFiles/feature_tests.cxx
Linking CXX executable cmTC_8d241
/Users/nakul/miniconda/envs/sss/bin/cmake -E cmake_link_script CMakeFiles/cmTC_8d241.dir/link.txt --verbose=1
/Users/nakul/miniconda/envs/sss/bin/c++     -Wl,-search_paths_first -Wl,-headerpad_max_install_names   CMakeFiles/cmTC_8d241.dir/feature_tests.cxx.o  -o cmTC_8d241  


    Feature record: CXX_FEATURE:0cxx_aggregate_default_initializers
    Feature record: CXX_FEATURE:1cxx_alias_templates
    Feature record: CXX_FEATURE:1cxx_alignas
    Feature record: CXX_FEATURE:1cxx_alignof
    Feature record: CXX_FEATURE:1cxx_attributes
    Feature record: CXX_FEATURE:0cxx_attribute_deprecated
    Feature record: CXX_FEATURE:1cxx_auto_type
    Feature record: CXX_FEATURE:0cxx_binary_literals
    Feature record: CXX_FEATURE:1cxx_constexpr
    Feature record: CXX_FEATURE:0cxx_contextual_conversions
    Feature record: CXX_FEATURE:1cxx_decltype
    Feature record: CXX_FEATURE:0cxx_decltype_auto
    Feature record: CXX_FEATURE:1cxx_decltype_incomplete_return_types
    Feature record: CXX_FEATURE:1cxx_default_function_template_args
    Feature record: CXX_FEATURE:1cxx_defaulted_functions
    Feature record: CXX_FEATURE:1cxx_defaulted_move_initializers
    Feature record: CXX_FEATURE:1cxx_delegating_constructors
    Feature record: CXX_FEATURE:1cxx_deleted_functions
    Feature record: CXX_FEATURE:0cxx_digit_separators
    Feature record: CXX_FEATURE:1cxx_enum_forward_declarations
    Feature record: CXX_FEATURE:1cxx_explicit_conversions
    Feature record: CXX_FEATURE:1cxx_extended_friend_declarations
    Feature record: CXX_FEATURE:1cxx_extern_templates
    Feature record: CXX_FEATURE:1cxx_final
    Feature record: CXX_FEATURE:1cxx_func_identifier
    Feature record: CXX_FEATURE:1cxx_generalized_initializers
    Feature record: CXX_FEATURE:0cxx_generic_lambdas
    Feature record: CXX_FEATURE:1cxx_inheriting_constructors
    Feature record: CXX_FEATURE:1cxx_inline_namespaces
    Feature record: CXX_FEATURE:1cxx_lambdas
    Feature record: CXX_FEATURE:0cxx_lambda_init_captures
    Feature record: CXX_FEATURE:1cxx_local_type_template_args
    Feature record: CXX_FEATURE:1cxx_long_long_type
    Feature record: CXX_FEATURE:1cxx_noexcept
    Feature record: CXX_FEATURE:1cxx_nonstatic_member_init
    Feature record: CXX_FEATURE:1cxx_nullptr
    Feature record: CXX_FEATURE:1cxx_override
    Feature record: CXX_FEATURE:1cxx_range_for
    Feature record: CXX_FEATURE:1cxx_raw_string_literals
    Feature record: CXX_FEATURE:1cxx_reference_qualified_functions
    Feature record: CXX_FEATURE:0cxx_relaxed_constexpr
    Feature record: CXX_FEATURE:0cxx_return_type_deduction
    Feature record: CXX_FEATURE:1cxx_right_angle_brackets
    Feature record: CXX_FEATURE:1cxx_rvalue_references
    Feature record: CXX_FEATURE:1cxx_sizeof_member
    Feature record: CXX_FEATURE:1cxx_static_assert
    Feature record: CXX_FEATURE:1cxx_strong_enums
    Feature record: CXX_FEATURE:1cxx_template_template_parameters
    Feature record: CXX_FEATURE:1cxx_thread_local
    Feature record: CXX_FEATURE:1cxx_trailing_return_types
    Feature record: CXX_FEATURE:1cxx_unicode_literals
    Feature record: CXX_FEATURE:1cxx_uniform_initialization
    Feature record: CXX_FEATURE:1cxx_unrestricted_unions
    Feature record: CXX_FEATURE:1cxx_user_literals
    Feature record: CXX_FEATURE:0cxx_variable_templates
    Feature record: CXX_FEATURE:1cxx_variadic_macros
    Feature record: CXX_FEATURE:1cxx_variadic_templates


Detecting CXX [-std=c++98] compiler features compiled with the following output:
Change Dir: /Users/nakul/molssi-sss/git/QM_2017_SSS_Team6/cpp_opt/build/CMakeFiles/CMakeTmp

Run Build Command:"/usr/bin/make" "cmTC_62523/fast"
/Applications/Xcode.app/Contents/Developer/usr/bin/make -f CMakeFiles/cmTC_62523.dir/build.make CMakeFiles/cmTC_62523.dir/build
Building CXX object CMakeFiles/cmTC_62523.dir/feature_tests.cxx.o
/Users/nakul/miniconda/envs/sss/bin/c++     -std=c++98 -o CMakeFiles/cmTC_62523.dir/feature_tests.cxx.o -c /Users/nakul/molssi-sss/git/QM_2017_SSS_Team6/cpp_opt/build/CMakeFiles/feature_tests.cxx
Linking CXX executable cmTC_62523
/Users/nakul/miniconda/envs/sss/bin/cmake -E cmake_link_script CMakeFiles/cmTC_62523.dir/link.txt --verbose=1
/Users/nakul/miniconda/envs/sss/bin/c++     -Wl,-search_paths_first -Wl,-headerpad_max_install_names   CMakeFiles/cmTC_62523.dir/feature_tests.cxx.o  -o cmTC_62523  


    Feature record: CXX_FEATURE:0cxx_aggregate_default_initializers
    Feature record: CXX_FEATURE:0cxx_alias_templates
    Feature record: CXX_FEATURE:0cxx_alignas
    Feature record: CXX_FEATURE:0cxx_alignof
    Feature record: CXX_FEATURE:0cxx_attributes
    Feature record: CXX_FEATURE:0cxx_attribute_deprecated
    Feature record: CXX_FEATURE:0cxx_auto_type
    Feature record: CXX_FEATURE:0cxx_binary_literals
    Feature record: CXX_FEATURE:0cxx_constexpr
    Feature record: CXX_FEATURE:0cxx_contextual_conversions
    Feature record: CXX_FEATURE:0cxx_decltype
    Feature record: CXX_FEATURE:0cxx_decltype_auto
    Feature record: CXX_FEATURE:0cxx_decltype_incomplete_return_types
    Feature record: CXX_FEATURE:0cxx_default_function_template_args
    Feature record: CXX_FEATURE:0cxx_defaulted_functions
    Feature record: CXX_FEATURE:0cxx_defaulted_move_initializers
    Feature record: CXX_FEATURE:0cxx_delegating_constructors
    Feature record: CXX_FEATURE:0cxx_deleted_functions
    Feature record: CXX_FEATURE:0cxx_digit_separators
    Feature record: CXX_FEATURE:0cxx_enum_forward_declarations
    Feature record: CXX_FEATURE:0cxx_explicit_conversions
    Feature record: CXX_FEATURE:0cxx_extended_friend_declarations
    Feature record: CXX_FEATURE:0cxx_extern_templates
    Feature record: CXX_FEATURE:0cxx_final
    Feature record: CXX_FEATURE:0cxx_func_identifier
    Feature record: CXX_FEATURE:0cxx_generalized_initializers
    Feature record: CXX_FEATURE:0cxx_generic_lambdas
    Feature record: CXX_FEATURE:0cxx_inheriting_constructors
    Feature record: CXX_FEATURE:0cxx_inline_namespaces
    Feature record: CXX_FEATURE:0cxx_lambdas
    Feature record: CXX_FEATURE:0cxx_lambda_init_captures
    Feature record: CXX_FEATURE:0cxx_local_type_template_args
    Feature record: CXX_FEATURE:0cxx_long_long_type
    Feature record: CXX_FEATURE:0cxx_noexcept
    Feature record: CXX_FEATURE:0cxx_nonstatic_member_init
    Feature record: CXX_FEATURE:0cxx_nullptr
    Feature record: CXX_FEATURE:0cxx_override
    Feature record: CXX_FEATURE:0cxx_range_for
    Feature record: CXX_FEATURE:0cxx_raw_string_literals
    Feature record: CXX_FEATURE:0cxx_reference_qualified_functions
    Feature record: CXX_FEATURE:0cxx_relaxed_constexpr
    Feature record: CXX_FEATURE:0cxx_return_type_deduction
    Feature record: CXX_FEATURE:0cxx_right_angle_brackets
    Feature record: CXX_FEATURE:0cxx_rvalue_references
    Feature record: CXX_FEATURE:0cxx_sizeof_member
    Feature record: CXX_FEATURE:0cxx_static_assert
    Feature record: CXX_FEATURE:0cxx_strong_enums
    Feature record: CXX_FEATURE:1cxx_template_template_parameters
    Feature record: CXX_FEATURE:0cxx_thread_local
    Feature record: CXX_FEATURE:0cxx_trailing_return_types
    Feature record: CXX_FEATURE:0cxx_unicode_literals
    Feature record: CXX_FEATURE:0cxx_uniform_initialization
    Feature record: CXX_FEATURE:0cxx_unrestricted_unions
    Feature record: CXX_FEATURE:0cxx_user_literals
    Feature record: CXX_FEATURE:0cxx_variable_templates
    Feature record: CXX_FEATURE:0cxx_variadic_macros
    Feature record: CXX_FEATURE:0cxx_variadic_templates
